The target system is: Android - 1 - armv7-a
The host system is: Linux - 4.15.0-154-generic - x86_64
Determining if the C compiler works passed with the following output:
Change Dir: /home/levcsi/projects/kivy/dig_rec_2/.buildozer/android/platform/build-armeabi-v7a/build/other_builds/jpeg/armeabi-v7a__ndk_target_21/jpeg/CMakeFiles/CMakeTmp

Run Build Command:"/usr/bin/make" "cmTC_6db7f/fast"
make -j4 -f CMakeFiles/cmTC_6db7f.dir/build.make CMakeFiles/cmTC_6db7f.dir/build
make[1]: Entering directory '/home/levcsi/projects/kivy/dig_rec_2/.buildozer/android/platform/build-armeabi-v7a/build/other_builds/jpeg/armeabi-v7a__ndk_target_21/jpeg/CMakeFiles/CMakeTmp'
Building C object CMakeFiles/cmTC_6db7f.dir/testCCompiler.c.o
/home/levcsi/.buildozer/android/platform/android-ndk-r19c/toolchains/llvm/prebuilt/linux-x86_64/bin/clang --target=armv7-none-linux-androideabi16 --gcc-toolchain=/home/levcsi/.buildozer/android/platform/android-ndk-r19c/toolchains/llvm/prebuilt/linux-x86_64 --sysroot=/home/levcsi/.buildozer/android/platform/android-ndk-r19c/toolchains/llvm/prebuilt/linux-x86_64/sysroot   -g -DANDROID -fdata-sections -ffunction-sections -funwind-tables -fstack-protector-strong -no-canonical-prefixes -mfpu=vfpv3-d16 -fno-addrsig -march=armv7-a -mthumb -mfpu=neon -Wa,--noexecstack -Wformat -Werror=format-security   -fPIE   -o CMakeFiles/cmTC_6db7f.dir/testCCompiler.c.o   -c /home/levcsi/projects/kivy/dig_rec_2/.buildozer/android/platform/build-armeabi-v7a/build/other_builds/jpeg/armeabi-v7a__ndk_target_21/jpeg/CMakeFiles/CMakeTmp/testCCompiler.c
Linking C executable cmTC_6db7f
/usr/bin/cmake -E cmake_link_script CMakeFiles/cmTC_6db7f.dir/link.txt --verbose=1
/home/levcsi/.buildozer/android/platform/android-ndk-r19c/toolchains/llvm/prebuilt/linux-x86_64/bin/clang --target=armv7-none-linux-androideabi16 --gcc-toolchain=/home/levcsi/.buildozer/android/platform/android-ndk-r19c/toolchains/llvm/prebuilt/linux-x86_64 --sysroot=/home/levcsi/.buildozer/android/platform/android-ndk-r19c/toolchains/llvm/prebuilt/linux-x86_64/sysroot -g -DANDROID -fdata-sections -ffunction-sections -funwind-tables -fstack-protector-strong -no-canonical-prefixes -mfpu=vfpv3-d16 -fno-addrsig -march=armv7-a -mthumb -mfpu=neon -Wa,--noexecstack -Wformat -Werror=format-security    -Wl,--exclude-libs,libgcc.a -Wl,--exclude-libs,libatomic.a -static-libstdc++ -Wl,--build-id -Wl,--warn-shared-textrel -Wl,--fatal-warnings -Wl,--exclude-libs,libunwind.a -Wl,--no-undefined -Qunused-arguments -Wl,-z,noexecstack -Wl,-z,relro -Wl,-z,now -Wl,--gc-sections   CMakeFiles/cmTC_6db7f.dir/testCCompiler.c.o  -o cmTC_6db7f -latomic -lm 
make[1]: Leaving directory '/home/levcsi/projects/kivy/dig_rec_2/.buildozer/android/platform/build-armeabi-v7a/build/other_builds/jpeg/armeabi-v7a__ndk_target_21/jpeg/CMakeFiles/CMakeTmp'


Detecting C compiler ABI info compiled with the following output:
Change Dir: /home/levcsi/projects/kivy/dig_rec_2/.buildozer/android/platform/build-armeabi-v7a/build/other_builds/jpeg/armeabi-v7a__ndk_target_21/jpeg/CMakeFiles/CMakeTmp

Run Build Command:"/usr/bin/make" "cmTC_ade36/fast"
make -j4 -f CMakeFiles/cmTC_ade36.dir/build.make CMakeFiles/cmTC_ade36.dir/build
make[1]: Entering directory '/home/levcsi/projects/kivy/dig_rec_2/.buildozer/android/platform/build-armeabi-v7a/build/other_builds/jpeg/armeabi-v7a__ndk_target_21/jpeg/CMakeFiles/CMakeTmp'
Building C object CMakeFiles/cmTC_ade36.dir/CMakeCCompilerABI.c.o
/home/levcsi/.buildozer/android/platform/android-ndk-r19c/toolchains/llvm/prebuilt/linux-x86_64/bin/clang --target=armv7-none-linux-androideabi16 --gcc-toolchain=/home/levcsi/.buildozer/android/platform/android-ndk-r19c/toolchains/llvm/prebuilt/linux-x86_64 --sysroot=/home/levcsi/.buildozer/android/platform/android-ndk-r19c/toolchains/llvm/prebuilt/linux-x86_64/sysroot   -g -DANDROID -fdata-sections -ffunction-sections -funwind-tables -fstack-protector-strong -no-canonical-prefixes -mfpu=vfpv3-d16 -fno-addrsig -march=armv7-a -mthumb -mfpu=neon -Wa,--noexecstack -Wformat -Werror=format-security   -fPIE   -o CMakeFiles/cmTC_ade36.dir/CMakeCCompilerABI.c.o   -c /usr/share/cmake-3.10/Modules/CMakeCCompilerABI.c
Linking C executable cmTC_ade36
/usr/bin/cmake -E cmake_link_script CMakeFiles/cmTC_ade36.dir/link.txt --verbose=1
/home/levcsi/.buildozer/android/platform/android-ndk-r19c/toolchains/llvm/prebuilt/linux-x86_64/bin/clang --target=armv7-none-linux-androideabi16 --gcc-toolchain=/home/levcsi/.buildozer/android/platform/android-ndk-r19c/toolchains/llvm/prebuilt/linux-x86_64 --sysroot=/home/levcsi/.buildozer/android/platform/android-ndk-r19c/toolchains/llvm/prebuilt/linux-x86_64/sysroot -g -DANDROID -fdata-sections -ffunction-sections -funwind-tables -fstack-protector-strong -no-canonical-prefixes -mfpu=vfpv3-d16 -fno-addrsig -march=armv7-a -mthumb -mfpu=neon -Wa,--noexecstack -Wformat -Werror=format-security    -Wl,--exclude-libs,libgcc.a -Wl,--exclude-libs,libatomic.a -static-libstdc++ -Wl,--build-id -Wl,--warn-shared-textrel -Wl,--fatal-warnings -Wl,--exclude-libs,libunwind.a -Wl,--no-undefined -Qunused-arguments -Wl,-z,noexecstack -Wl,-z,relro -Wl,-z,now -Wl,--gc-sections  -v CMakeFiles/cmTC_ade36.dir/CMakeCCompilerABI.c.o  -o cmTC_ade36 
Android (5058415 based on r339409) clang version 8.0.2 (https://android.googlesource.com/toolchain/clang 40173bab62ec746213857d083c0e8b0abb568790) (https://android.googlesource.com/toolchain/llvm 7a6618d69e7e8111e1d49dc9e7813767c5ca756a) (based on LLVM 8.0.2svn)
Target: armv7-none-linux-android16
Thread model: posix
InstalledDir: /home/levcsi/.buildozer/android/platform/android-ndk-r19c/toolchains/llvm/prebuilt/linux-x86_64/bin
Found candidate GCC installation: /home/levcsi/.buildozer/android/platform/android-ndk-r19c/toolchains/llvm/prebuilt/linux-x86_64/lib/gcc/arm-linux-androideabi/4.9.x
Selected GCC installation: /home/levcsi/.buildozer/android/platform/android-ndk-r19c/toolchains/llvm/prebuilt/linux-x86_64/lib/gcc/arm-linux-androideabi/4.9.x
Candidate multilib: thumb;@mthumb
Candidate multilib: armv7-a;@march=armv7-a
Candidate multilib: armv7-a/thumb;@march=armv7-a@mthumb
Candidate multilib: .;
Selected multilib: armv7-a/thumb;@march=armv7-a@mthumb
 "/home/levcsi/.buildozer/android/platform/android-ndk-r19c/toolchains/llvm/prebuilt/linux-x86_64/lib/gcc/arm-linux-androideabi/4.9.x/../../../../arm-linux-androideabi/bin/ld" --sysroot=/home/levcsi/.buildozer/android/platform/android-ndk-r19c/toolchains/llvm/prebuilt/linux-x86_64/sysroot -pie -z relro -X --enable-new-dtags --eh-frame-hdr -m armelf_linux_eabi -dynamic-linker /system/bin/linker -o cmTC_ade36 /home/levcsi/.buildozer/android/platform/android-ndk-r19c/toolchains/llvm/prebuilt/linux-x86_64/sysroot/usr/lib/arm-linux-androideabi/16/crtbegin_dynamic.o -L/home/levcsi/.buildozer/android/platform/android-ndk-r19c/toolchains/llvm/prebuilt/linux-x86_64/lib64/clang/8.0.2/lib/linux/arm -L/home/levcsi/.buildozer/android/platform/android-ndk-r19c/toolchains/llvm/prebuilt/linux-x86_64/lib/gcc/arm-linux-androideabi/4.9.x/armv7-a/thumb -L/home/levcsi/.buildozer/android/platform/android-ndk-r19c/toolchains/llvm/prebuilt/linux-x86_64/lib/gcc/arm-linux-androideabi/4.9.x/../../../../arm-linux-androideabi/lib/../lib/armv7-a/thumb -L/home/levcsi/.buildozer/android/platform/android-ndk-r19c/toolchains/llvm/prebuilt/linux-x86_64/sysroot/usr/lib/arm-linux-androideabi/16 -L/home/levcsi/.buildozer/android/platform/android-ndk-r19c/toolchains/llvm/prebuilt/linux-x86_64/sysroot/usr/lib/arm-linux-androideabi -L/home/levcsi/.buildozer/android/platform/android-ndk-r19c/toolchains/llvm/prebuilt/linux-x86_64/sysroot/usr/lib/../lib -L/home/levcsi/.buildozer/android/platform/android-ndk-r19c/toolchains/llvm/prebuilt/linux-x86_64/sysroot/usr/lib/arm-linux-androideabi/../../lib -L/home/levcsi/.buildozer/android/platform/android-ndk-r19c/toolchains/llvm/prebuilt/linux-x86_64/lib/gcc/arm-linux-androideabi/4.9.x/../../../../arm-linux-androideabi/lib/armv7-a/thumb -L/home/levcsi/.buildozer/android/platform/android-ndk-r19c/toolchains/llvm/prebuilt/linux-x86_64/sysroot/usr/lib --exclude-libs libgcc.a --exclude-libs libatomic.a --build-id --warn-shared-textrel --fatal-warnings --exclude-libs libunwind.a --no-undefined -z noexecstack -z relro -z now --gc-sections CMakeFiles/cmTC_ade36.dir/CMakeCCompilerABI.c.o -lgcc -ldl -lc -lgcc -ldl /home/levcsi/.buildozer/android/platform/android-ndk-r19c/toolchains/llvm/prebuilt/linux-x86_64/sysroot/usr/lib/arm-linux-androideabi/16/crtend_android.o
make[1]: Leaving directory '/home/levcsi/projects/kivy/dig_rec_2/.buildozer/android/platform/build-armeabi-v7a/build/other_builds/jpeg/armeabi-v7a__ndk_target_21/jpeg/CMakeFiles/CMakeTmp'


Parsed C implicit link information from above output:
  link line regex: [^( *|.*[/\])(arm-linux-androideabi-ld|CMAKE_LINK_STARTFILE-NOTFOUND|([^/\]+-)?ld|collect2)[^/\]*( |$)]
  ignore line: [Change Dir: /home/levcsi/projects/kivy/dig_rec_2/.buildozer/android/platform/build-armeabi-v7a/build/other_builds/jpeg/armeabi-v7a__ndk_target_21/jpeg/CMakeFiles/CMakeTmp]
  ignore line: []
  ignore line: [Run Build Command:"/usr/bin/make" "cmTC_ade36/fast"]
  ignore line: [make -j4 -f CMakeFiles/cmTC_ade36.dir/build.make CMakeFiles/cmTC_ade36.dir/build]
  ignore line: [make[1]: Entering directory '/home/levcsi/projects/kivy/dig_rec_2/.buildozer/android/platform/build-armeabi-v7a/build/other_builds/jpeg/armeabi-v7a__ndk_target_21/jpeg/CMakeFiles/CMakeTmp']
  ignore line: [Building C object CMakeFiles/cmTC_ade36.dir/CMakeCCompilerABI.c.o]
  ignore line: [/home/levcsi/.buildozer/android/platform/android-ndk-r19c/toolchains/llvm/prebuilt/linux-x86_64/bin/clang --target=armv7-none-linux-androideabi16 --gcc-toolchain=/home/levcsi/.buildozer/android/platform/android-ndk-r19c/toolchains/llvm/prebuilt/linux-x86_64 --sysroot=/home/levcsi/.buildozer/android/platform/android-ndk-r19c/toolchains/llvm/prebuilt/linux-x86_64/sysroot   -g -DANDROID -fdata-sections -ffunction-sections -funwind-tables -fstack-protector-strong -no-canonical-prefixes -mfpu=vfpv3-d16 -fno-addrsig -march=armv7-a -mthumb -mfpu=neon -Wa,--noexecstack -Wformat -Werror=format-security   -fPIE   -o CMakeFiles/cmTC_ade36.dir/CMakeCCompilerABI.c.o   -c /usr/share/cmake-3.10/Modules/CMakeCCompilerABI.c]
  ignore line: [Linking C executable cmTC_ade36]
  ignore line: [/usr/bin/cmake -E cmake_link_script CMakeFiles/cmTC_ade36.dir/link.txt --verbose=1]
  ignore line: [/home/levcsi/.buildozer/android/platform/android-ndk-r19c/toolchains/llvm/prebuilt/linux-x86_64/bin/clang --target=armv7-none-linux-androideabi16 --gcc-toolchain=/home/levcsi/.buildozer/android/platform/android-ndk-r19c/toolchains/llvm/prebuilt/linux-x86_64 --sysroot=/home/levcsi/.buildozer/android/platform/android-ndk-r19c/toolchains/llvm/prebuilt/linux-x86_64/sysroot -g -DANDROID -fdata-sections -ffunction-sections -funwind-tables -fstack-protector-strong -no-canonical-prefixes -mfpu=vfpv3-d16 -fno-addrsig -march=armv7-a -mthumb -mfpu=neon -Wa,--noexecstack -Wformat -Werror=format-security    -Wl,--exclude-libs,libgcc.a -Wl,--exclude-libs,libatomic.a -static-libstdc++ -Wl,--build-id -Wl,--warn-shared-textrel -Wl,--fatal-warnings -Wl,--exclude-libs,libunwind.a -Wl,--no-undefined -Qunused-arguments -Wl,-z,noexecstack -Wl,-z,relro -Wl,-z,now -Wl,--gc-sections  -v CMakeFiles/cmTC_ade36.dir/CMakeCCompilerABI.c.o  -o cmTC_ade36 ]
  ignore line: [Android (5058415 based on r339409) clang version 8.0.2 (https://android.googlesource.com/toolchain/clang 40173bab62ec746213857d083c0e8b0abb568790) (https://android.googlesource.com/toolchain/llvm 7a6618d69e7e8111e1d49dc9e7813767c5ca756a) (based on LLVM 8.0.2svn)]
  ignore line: [Target: armv7-none-linux-android16]
  ignore line: [Thread model: posix]
  ignore line: [InstalledDir: /home/levcsi/.buildozer/android/platform/android-ndk-r19c/toolchains/llvm/prebuilt/linux-x86_64/bin]
  ignore line: [Found candidate GCC installation: /home/levcsi/.buildozer/android/platform/android-ndk-r19c/toolchains/llvm/prebuilt/linux-x86_64/lib/gcc/arm-linux-androideabi/4.9.x]
  ignore line: [Selected GCC installation: /home/levcsi/.buildozer/android/platform/android-ndk-r19c/toolchains/llvm/prebuilt/linux-x86_64/lib/gcc/arm-linux-androideabi/4.9.x]
  ignore line: [Candidate multilib: thumb]
  ignore line: [@mthumb]
  ignore line: [Candidate multilib: armv7-a]
  ignore line: [@march=armv7-a]
  ignore line: [Candidate multilib: armv7-a/thumb]
  ignore line: [@march=armv7-a@mthumb]
  ignore line: [Candidate multilib: .]
  ignore line: []
  ignore line: [Selected multilib: armv7-a/thumb]
  ignore line: [@march=armv7-a@mthumb]
  link line: [ "/home/levcsi/.buildozer/android/platform/android-ndk-r19c/toolchains/llvm/prebuilt/linux-x86_64/lib/gcc/arm-linux-androideabi/4.9.x/../../../../arm-linux-androideabi/bin/ld" --sysroot=/home/levcsi/.buildozer/android/platform/android-ndk-r19c/toolchains/llvm/prebuilt/linux-x86_64/sysroot -pie -z relro -X --enable-new-dtags --eh-frame-hdr -m armelf_linux_eabi -dynamic-linker /system/bin/linker -o cmTC_ade36 /home/levcsi/.buildozer/android/platform/android-ndk-r19c/toolchains/llvm/prebuilt/linux-x86_64/sysroot/usr/lib/arm-linux-androideabi/16/crtbegin_dynamic.o -L/home/levcsi/.buildozer/android/platform/android-ndk-r19c/toolchains/llvm/prebuilt/linux-x86_64/lib64/clang/8.0.2/lib/linux/arm -L/home/levcsi/.buildozer/android/platform/android-ndk-r19c/toolchains/llvm/prebuilt/linux-x86_64/lib/gcc/arm-linux-androideabi/4.9.x/armv7-a/thumb -L/home/levcsi/.buildozer/android/platform/android-ndk-r19c/toolchains/llvm/prebuilt/linux-x86_64/lib/gcc/arm-linux-androideabi/4.9.x/../../../../arm-linux-androideabi/lib/../lib/armv7-a/thumb -L/home/levcsi/.buildozer/android/platform/android-ndk-r19c/toolchains/llvm/prebuilt/linux-x86_64/sysroot/usr/lib/arm-linux-androideabi/16 -L/home/levcsi/.buildozer/android/platform/android-ndk-r19c/toolchains/llvm/prebuilt/linux-x86_64/sysroot/usr/lib/arm-linux-androideabi -L/home/levcsi/.buildozer/android/platform/android-ndk-r19c/toolchains/llvm/prebuilt/linux-x86_64/sysroot/usr/lib/../lib -L/home/levcsi/.buildozer/android/platform/android-ndk-r19c/toolchains/llvm/prebuilt/linux-x86_64/sysroot/usr/lib/arm-linux-androideabi/../../lib -L/home/levcsi/.buildozer/android/platform/android-ndk-r19c/toolchains/llvm/prebuilt/linux-x86_64/lib/gcc/arm-linux-androideabi/4.9.x/../../../../arm-linux-androideabi/lib/armv7-a/thumb -L/home/levcsi/.buildozer/android/platform/android-ndk-r19c/toolchains/llvm/prebuilt/linux-x86_64/sysroot/usr/lib --exclude-libs libgcc.a --exclude-libs libatomic.a --build-id --warn-shared-textrel --fatal-warnings --exclude-libs libunwind.a --no-undefined -z noexecstack -z relro -z now --gc-sections CMakeFiles/cmTC_ade36.dir/CMakeCCompilerABI.c.o -lgcc -ldl -lc -lgcc -ldl /home/levcsi/.buildozer/android/platform/android-ndk-r19c/toolchains/llvm/prebuilt/linux-x86_64/sysroot/usr/lib/arm-linux-androideabi/16/crtend_android.o]
    arg [/home/levcsi/.buildozer/android/platform/android-ndk-r19c/toolchains/llvm/prebuilt/linux-x86_64/lib/gcc/arm-linux-androideabi/4.9.x/../../../../arm-linux-androideabi/bin/ld] ==> ignore
    arg [--sysroot=/home/levcsi/.buildozer/android/platform/android-ndk-r19c/toolchains/llvm/prebuilt/linux-x86_64/sysroot] ==> ignore
    arg [-pie] ==> ignore
    arg [-zrelro] ==> ignore
    arg [-X] ==> ignore
    arg [--enable-new-dtags] ==> ignore
    arg [--eh-frame-hdr] ==> ignore
    arg [-m] ==> ignore
    arg [armelf_linux_eabi] ==> ignore
    arg [-dynamic-linker] ==> ignore
    arg [/system/bin/linker] ==> ignore
    arg [-o] ==> ignore
    arg [cmTC_ade36] ==> ignore
    arg [/home/levcsi/.buildozer/android/platform/android-ndk-r19c/toolchains/llvm/prebuilt/linux-x86_64/sysroot/usr/lib/arm-linux-androideabi/16/crtbegin_dynamic.o] ==> ignore
    arg [-L/home/levcsi/.buildozer/android/platform/android-ndk-r19c/toolchains/llvm/prebuilt/linux-x86_64/lib64/clang/8.0.2/lib/linux/arm] ==> dir [/home/levcsi/.buildozer/android/platform/android-ndk-r19c/toolchains/llvm/prebuilt/linux-x86_64/lib64/clang/8.0.2/lib/linux/arm]
    arg [-L/home/levcsi/.buildozer/android/platform/android-ndk-r19c/toolchains/llvm/prebuilt/linux-x86_64/lib/gcc/arm-linux-androideabi/4.9.x/armv7-a/thumb] ==> dir [/home/levcsi/.buildozer/android/platform/android-ndk-r19c/toolchains/llvm/prebuilt/linux-x86_64/lib/gcc/arm-linux-androideabi/4.9.x/armv7-a/thumb]
    arg [-L/home/levcsi/.buildozer/android/platform/android-ndk-r19c/toolchains/llvm/prebuilt/linux-x86_64/lib/gcc/arm-linux-androideabi/4.9.x/../../../../arm-linux-androideabi/lib/../lib/armv7-a/thumb] ==> dir [/home/levcsi/.buildozer/android/platform/android-ndk-r19c/toolchains/llvm/prebuilt/linux-x86_64/lib/gcc/arm-linux-androideabi/4.9.x/../../../../arm-linux-androideabi/lib/../lib/armv7-a/thumb]
    arg [-L/home/levcsi/.buildozer/android/platform/android-ndk-r19c/toolchains/llvm/prebuilt/linux-x86_64/sysroot/usr/lib/arm-linux-androideabi/16] ==> dir [/home/levcsi/.buildozer/android/platform/android-ndk-r19c/toolchains/llvm/prebuilt/linux-x86_64/sysroot/usr/lib/arm-linux-androideabi/16]
    arg [-L/home/levcsi/.buildozer/android/platform/android-ndk-r19c/toolchains/llvm/prebuilt/linux-x86_64/sysroot/usr/lib/arm-linux-androideabi] ==> dir [/home/levcsi/.buildozer/android/platform/android-ndk-r19c/toolchains/llvm/prebuilt/linux-x86_64/sysroot/usr/lib/arm-linux-androideabi]
    arg [-L/home/levcsi/.buildozer/android/platform/android-ndk-r19c/toolchains/llvm/prebuilt/linux-x86_64/sysroot/usr/lib/../lib] ==> dir [/home/levcsi/.buildozer/android/platform/android-ndk-r19c/toolchains/llvm/prebuilt/linux-x86_64/sysroot/usr/lib/../lib]
    arg [-L/home/levcsi/.buildozer/android/platform/android-ndk-r19c/toolchains/llvm/prebuilt/linux-x86_64/sysroot/usr/lib/arm-linux-androideabi/../../lib] ==> dir [/home/levcsi/.buildozer/android/platform/android-ndk-r19c/toolchains/llvm/prebuilt/linux-x86_64/sysroot/usr/lib/arm-linux-androideabi/../../lib]
    arg [-L/home/levcsi/.buildozer/android/platform/android-ndk-r19c/toolchains/llvm/prebuilt/linux-x86_64/lib/gcc/arm-linux-androideabi/4.9.x/../../../../arm-linux-androideabi/lib/armv7-a/thumb] ==> dir [/home/levcsi/.buildozer/android/platform/android-ndk-r19c/toolchains/llvm/prebuilt/linux-x86_64/lib/gcc/arm-linux-androideabi/4.9.x/../../../../arm-linux-androideabi/lib/armv7-a/thumb]
    arg [-L/home/levcsi/.buildozer/android/platform/android-ndk-r19c/toolchains/llvm/prebuilt/linux-x86_64/sysroot/usr/lib] ==> dir [/home/levcsi/.buildozer/android/platform/android-ndk-r19c/toolchains/llvm/prebuilt/linux-x86_64/sysroot/usr/lib]
    arg [--exclude-libs] ==> ignore
    arg [libgcc.a] ==> ignore
    arg [--exclude-libs] ==> ignore
    arg [libatomic.a] ==> ignore
    arg [--build-id] ==> ignore
    arg [--warn-shared-textrel] ==> ignore
    arg [--fatal-warnings] ==> ignore
    arg [--exclude-libs] ==> ignore
    arg [libunwind.a] ==> ignore
    arg [--no-undefined] ==> ignore
    arg [-znoexecstack] ==> ignore
    arg [-zrelro] ==> ignore
    arg [-znow] ==> ignore
    arg [--gc-sections] ==> ignore
    arg [CMakeFiles/cmTC_ade36.dir/CMakeCCompilerABI.c.o] ==> ignore
    arg [-lgcc] ==> lib [gcc]
    arg [-ldl] ==> lib [dl]
    arg [-lc] ==> lib [c]
    arg [-lgcc] ==> lib [gcc]
    arg [-ldl] ==> lib [dl]
    arg [/home/levcsi/.buildozer/android/platform/android-ndk-r19c/toolchains/llvm/prebuilt/linux-x86_64/sysroot/usr/lib/arm-linux-androideabi/16/crtend_android.o] ==> ignore
  collapse library dir [/home/levcsi/.buildozer/android/platform/android-ndk-r19c/toolchains/llvm/prebuilt/linux-x86_64/lib64/clang/8.0.2/lib/linux/arm] ==> [/home/levcsi/.buildozer/android/platform/android-ndk-r19c/toolchains/llvm/prebuilt/linux-x86_64/lib64/clang/8.0.2/lib/linux/arm]
  collapse library dir [/home/levcsi/.buildozer/android/platform/android-ndk-r19c/toolchains/llvm/prebuilt/linux-x86_64/lib/gcc/arm-linux-androideabi/4.9.x/armv7-a/thumb] ==> [/home/levcsi/.buildozer/android/platform/android-ndk-r19c/toolchains/llvm/prebuilt/linux-x86_64/lib/gcc/arm-linux-androideabi/4.9.x/armv7-a/thumb]
  collapse library dir [/home/levcsi/.buildozer/android/platform/android-ndk-r19c/toolchains/llvm/prebuilt/linux-x86_64/lib/gcc/arm-linux-androideabi/4.9.x/../../../../arm-linux-androideabi/lib/../lib/armv7-a/thumb] ==> [/home/levcsi/.buildozer/android/platform/android-ndk-r19c/toolchains/llvm/prebuilt/linux-x86_64/arm-linux-androideabi/lib/armv7-a/thumb]
  collapse library dir [/home/levcsi/.buildozer/android/platform/android-ndk-r19c/toolchains/llvm/prebuilt/linux-x86_64/sysroot/usr/lib/arm-linux-androideabi/16] ==> [/home/levcsi/.buildozer/android/platform/android-ndk-r19c/toolchains/llvm/prebuilt/linux-x86_64/sysroot/usr/lib/arm-linux-androideabi/16]
  collapse library dir [/home/levcsi/.buildozer/android/platform/android-ndk-r19c/toolchains/llvm/prebuilt/linux-x86_64/sysroot/usr/lib/arm-linux-androideabi] ==> [/home/levcsi/.buildozer/android/platform/android-ndk-r19c/toolchains/llvm/prebuilt/linux-x86_64/sysroot/usr/lib/arm-linux-androideabi]
  collapse library dir [/home/levcsi/.buildozer/android/platform/android-ndk-r19c/toolchains/llvm/prebuilt/linux-x86_64/sysroot/usr/lib/../lib] ==> [/home/levcsi/.buildozer/android/platform/android-ndk-r19c/toolchains/llvm/prebuilt/linux-x86_64/sysroot/usr/lib]
  collapse library dir [/home/levcsi/.buildozer/android/platform/android-ndk-r19c/toolchains/llvm/prebuilt/linux-x86_64/sysroot/usr/lib/arm-linux-androideabi/../../lib] ==> [/home/levcsi/.buildozer/android/platform/android-ndk-r19c/toolchains/llvm/prebuilt/linux-x86_64/sysroot/usr/lib]
  collapse library dir [/home/levcsi/.buildozer/android/platform/android-ndk-r19c/toolchains/llvm/prebuilt/linux-x86_64/lib/gcc/arm-linux-androideabi/4.9.x/../../../../arm-linux-androideabi/lib/armv7-a/thumb] ==> [/home/levcsi/.buildozer/android/platform/android-ndk-r19c/toolchains/llvm/prebuilt/linux-x86_64/arm-linux-androideabi/lib/armv7-a/thumb]
  collapse library dir [/home/levcsi/.buildozer/android/platform/android-ndk-r19c/toolchains/llvm/prebuilt/linux-x86_64/sysroot/usr/lib] ==> [/home/levcsi/.buildozer/android/platform/android-ndk-r19c/toolchains/llvm/prebuilt/linux-x86_64/sysroot/usr/lib]
  implicit libs: [gcc;dl;c;gcc;dl]
  implicit dirs: [/home/levcsi/.buildozer/android/platform/android-ndk-r19c/toolchains/llvm/prebuilt/linux-x86_64/lib64/clang/8.0.2/lib/linux/arm;/home/levcsi/.buildozer/android/platform/android-ndk-r19c/toolchains/llvm/prebuilt/linux-x86_64/lib/gcc/arm-linux-androideabi/4.9.x/armv7-a/thumb;/home/levcsi/.buildozer/android/platform/android-ndk-r19c/toolchains/llvm/prebuilt/linux-x86_64/arm-linux-androideabi/lib/armv7-a/thumb;/home/levcsi/.buildozer/android/platform/android-ndk-r19c/toolchains/llvm/prebuilt/linux-x86_64/sysroot/usr/lib/arm-linux-androideabi/16;/home/levcsi/.buildozer/android/platform/android-ndk-r19c/toolchains/llvm/prebuilt/linux-x86_64/sysroot/usr/lib/arm-linux-androideabi;/home/levcsi/.buildozer/android/platform/android-ndk-r19c/toolchains/llvm/prebuilt/linux-x86_64/sysroot/usr/lib]
  implicit fwks: []




Detecting C [-std=c11] compiler features compiled with the following output:
Change Dir: /home/levcsi/projects/kivy/dig_rec_2/.buildozer/android/platform/build-armeabi-v7a/build/other_builds/jpeg/armeabi-v7a__ndk_target_21/jpeg/CMakeFiles/CMakeTmp

Run Build Command:"/usr/bin/make" "cmTC_d5824/fast"
make -j4 -f CMakeFiles/cmTC_d5824.dir/build.make CMakeFiles/cmTC_d5824.dir/build
make[1]: Entering directory '/home/levcsi/projects/kivy/dig_rec_2/.buildozer/android/platform/build-armeabi-v7a/build/other_builds/jpeg/armeabi-v7a__ndk_target_21/jpeg/CMakeFiles/CMakeTmp'
Building C object CMakeFiles/cmTC_d5824.dir/feature_tests.c.o
/home/levcsi/.buildozer/android/platform/android-ndk-r19c/toolchains/llvm/prebuilt/linux-x86_64/bin/clang --target=armv7-none-linux-androideabi16 --gcc-toolchain=/home/levcsi/.buildozer/android/platform/android-ndk-r19c/toolchains/llvm/prebuilt/linux-x86_64 --sysroot=/home/levcsi/.buildozer/android/platform/android-ndk-r19c/toolchains/llvm/prebuilt/linux-x86_64/sysroot   -g -DANDROID -fdata-sections -ffunction-sections -funwind-tables -fstack-protector-strong -no-canonical-prefixes -mfpu=vfpv3-d16 -fno-addrsig -march=armv7-a -mthumb -mfpu=neon -Wa,--noexecstack -Wformat -Werror=format-security   -fPIE   -std=c11 -o CMakeFiles/cmTC_d5824.dir/feature_tests.c.o   -c /home/levcsi/projects/kivy/dig_rec_2/.buildozer/android/platform/build-armeabi-v7a/build/other_builds/jpeg/armeabi-v7a__ndk_target_21/jpeg/CMakeFiles/feature_tests.c
Linking C executable cmTC_d5824
/usr/bin/cmake -E cmake_link_script CMakeFiles/cmTC_d5824.dir/link.txt --verbose=1
/home/levcsi/.buildozer/android/platform/android-ndk-r19c/toolchains/llvm/prebuilt/linux-x86_64/bin/clang --target=armv7-none-linux-androideabi16 --gcc-toolchain=/home/levcsi/.buildozer/android/platform/android-ndk-r19c/toolchains/llvm/prebuilt/linux-x86_64 --sysroot=/home/levcsi/.buildozer/android/platform/android-ndk-r19c/toolchains/llvm/prebuilt/linux-x86_64/sysroot -g -DANDROID -fdata-sections -ffunction-sections -funwind-tables -fstack-protector-strong -no-canonical-prefixes -mfpu=vfpv3-d16 -fno-addrsig -march=armv7-a -mthumb -mfpu=neon -Wa,--noexecstack -Wformat -Werror=format-security    -Wl,--exclude-libs,libgcc.a -Wl,--exclude-libs,libatomic.a -static-libstdc++ -Wl,--build-id -Wl,--warn-shared-textrel -Wl,--fatal-warnings -Wl,--exclude-libs,libunwind.a -Wl,--no-undefined -Qunused-arguments -Wl,-z,noexecstack -Wl,-z,relro -Wl,-z,now -Wl,--gc-sections   CMakeFiles/cmTC_d5824.dir/feature_tests.c.o  -o cmTC_d5824 -latomic -lm 
make[1]: Leaving directory '/home/levcsi/projects/kivy/dig_rec_2/.buildozer/android/platform/build-armeabi-v7a/build/other_builds/jpeg/armeabi-v7a__ndk_target_21/jpeg/CMakeFiles/CMakeTmp'


    Feature record: C_FEATURE:1c_function_prototypes
    Feature record: C_FEATURE:1c_restrict
    Feature record: C_FEATURE:1c_static_assert
    Feature record: C_FEATURE:1c_variadic_macros


Detecting C [-std=c99] compiler features compiled with the following output:
Change Dir: /home/levcsi/projects/kivy/dig_rec_2/.buildozer/android/platform/build-armeabi-v7a/build/other_builds/jpeg/armeabi-v7a__ndk_target_21/jpeg/CMakeFiles/CMakeTmp

Run Build Command:"/usr/bin/make" "cmTC_b4520/fast"
make -j4 -f CMakeFiles/cmTC_b4520.dir/build.make CMakeFiles/cmTC_b4520.dir/build
make[1]: Entering directory '/home/levcsi/projects/kivy/dig_rec_2/.buildozer/android/platform/build-armeabi-v7a/build/other_builds/jpeg/armeabi-v7a__ndk_target_21/jpeg/CMakeFiles/CMakeTmp'
Building C object CMakeFiles/cmTC_b4520.dir/feature_tests.c.o
/home/levcsi/.buildozer/android/platform/android-ndk-r19c/toolchains/llvm/prebuilt/linux-x86_64/bin/clang --target=armv7-none-linux-androideabi16 --gcc-toolchain=/home/levcsi/.buildozer/android/platform/android-ndk-r19c/toolchains/llvm/prebuilt/linux-x86_64 --sysroot=/home/levcsi/.buildozer/android/platform/android-ndk-r19c/toolchains/llvm/prebuilt/linux-x86_64/sysroot   -g -DANDROID -fdata-sections -ffunction-sections -funwind-tables -fstack-protector-strong -no-canonical-prefixes -mfpu=vfpv3-d16 -fno-addrsig -march=armv7-a -mthumb -mfpu=neon -Wa,--noexecstack -Wformat -Werror=format-security   -fPIE   -std=c99 -o CMakeFiles/cmTC_b4520.dir/feature_tests.c.o   -c /home/levcsi/projects/kivy/dig_rec_2/.buildozer/android/platform/build-armeabi-v7a/build/other_builds/jpeg/armeabi-v7a__ndk_target_21/jpeg/CMakeFiles/feature_tests.c
Linking C executable cmTC_b4520
/usr/bin/cmake -E cmake_link_script CMakeFiles/cmTC_b4520.dir/link.txt --verbose=1
/home/levcsi/.buildozer/android/platform/android-ndk-r19c/toolchains/llvm/prebuilt/linux-x86_64/bin/clang --target=armv7-none-linux-androideabi16 --gcc-toolchain=/home/levcsi/.buildozer/android/platform/android-ndk-r19c/toolchains/llvm/prebuilt/linux-x86_64 --sysroot=/home/levcsi/.buildozer/android/platform/android-ndk-r19c/toolchains/llvm/prebuilt/linux-x86_64/sysroot -g -DANDROID -fdata-sections -ffunction-sections -funwind-tables -fstack-protector-strong -no-canonical-prefixes -mfpu=vfpv3-d16 -fno-addrsig -march=armv7-a -mthumb -mfpu=neon -Wa,--noexecstack -Wformat -Werror=format-security    -Wl,--exclude-libs,libgcc.a -Wl,--exclude-libs,libatomic.a -static-libstdc++ -Wl,--build-id -Wl,--warn-shared-textrel -Wl,--fatal-warnings -Wl,--exclude-libs,libunwind.a -Wl,--no-undefined -Qunused-arguments -Wl,-z,noexecstack -Wl,-z,relro -Wl,-z,now -Wl,--gc-sections   CMakeFiles/cmTC_b4520.dir/feature_tests.c.o  -o cmTC_b4520 -latomic -lm 
make[1]: Leaving directory '/home/levcsi/projects/kivy/dig_rec_2/.buildozer/android/platform/build-armeabi-v7a/build/other_builds/jpeg/armeabi-v7a__ndk_target_21/jpeg/CMakeFiles/CMakeTmp'


    Feature record: C_FEATURE:1c_function_prototypes
    Feature record: C_FEATURE:1c_restrict
    Feature record: C_FEATURE:0c_static_assert
    Feature record: C_FEATURE:1c_variadic_macros


Detecting C [-std=c90] compiler features compiled with the following output:
Change Dir: /home/levcsi/projects/kivy/dig_rec_2/.buildozer/android/platform/build-armeabi-v7a/build/other_builds/jpeg/armeabi-v7a__ndk_target_21/jpeg/CMakeFiles/CMakeTmp

Run Build Command:"/usr/bin/make" "cmTC_7605a/fast"
make -j4 -f CMakeFiles/cmTC_7605a.dir/build.make CMakeFiles/cmTC_7605a.dir/build
make[1]: Entering directory '/home/levcsi/projects/kivy/dig_rec_2/.buildozer/android/platform/build-armeabi-v7a/build/other_builds/jpeg/armeabi-v7a__ndk_target_21/jpeg/CMakeFiles/CMakeTmp'
Building C object CMakeFiles/cmTC_7605a.dir/feature_tests.c.o
/home/levcsi/.buildozer/android/platform/android-ndk-r19c/toolchains/llvm/prebuilt/linux-x86_64/bin/clang --target=armv7-none-linux-androideabi16 --gcc-toolchain=/home/levcsi/.buildozer/android/platform/android-ndk-r19c/toolchains/llvm/prebuilt/linux-x86_64 --sysroot=/home/levcsi/.buildozer/android/platform/android-ndk-r19c/toolchains/llvm/prebuilt/linux-x86_64/sysroot   -g -DANDROID -fdata-sections -ffunction-sections -funwind-tables -fstack-protector-strong -no-canonical-prefixes -mfpu=vfpv3-d16 -fno-addrsig -march=armv7-a -mthumb -mfpu=neon -Wa,--noexecstack -Wformat -Werror=format-security   -fPIE   -std=c90 -o CMakeFiles/cmTC_7605a.dir/feature_tests.c.o   -c /home/levcsi/projects/kivy/dig_rec_2/.buildozer/android/platform/build-armeabi-v7a/build/other_builds/jpeg/armeabi-v7a__ndk_target_21/jpeg/CMakeFiles/feature_tests.c
Linking C executable cmTC_7605a
/usr/bin/cmake -E cmake_link_script CMakeFiles/cmTC_7605a.dir/link.txt --verbose=1
/home/levcsi/.buildozer/android/platform/android-ndk-r19c/toolchains/llvm/prebuilt/linux-x86_64/bin/clang --target=armv7-none-linux-androideabi16 --gcc-toolchain=/home/levcsi/.buildozer/android/platform/android-ndk-r19c/toolchains/llvm/prebuilt/linux-x86_64 --sysroot=/home/levcsi/.buildozer/android/platform/android-ndk-r19c/toolchains/llvm/prebuilt/linux-x86_64/sysroot -g -DANDROID -fdata-sections -ffunction-sections -funwind-tables -fstack-protector-strong -no-canonical-prefixes -mfpu=vfpv3-d16 -fno-addrsig -march=armv7-a -mthumb -mfpu=neon -Wa,--noexecstack -Wformat -Werror=format-security    -Wl,--exclude-libs,libgcc.a -Wl,--exclude-libs,libatomic.a -static-libstdc++ -Wl,--build-id -Wl,--warn-shared-textrel -Wl,--fatal-warnings -Wl,--exclude-libs,libunwind.a -Wl,--no-undefined -Qunused-arguments -Wl,-z,noexecstack -Wl,-z,relro -Wl,-z,now -Wl,--gc-sections   CMakeFiles/cmTC_7605a.dir/feature_tests.c.o  -o cmTC_7605a -latomic -lm 
make[1]: Leaving directory '/home/levcsi/projects/kivy/dig_rec_2/.buildozer/android/platform/build-armeabi-v7a/build/other_builds/jpeg/armeabi-v7a__ndk_target_21/jpeg/CMakeFiles/CMakeTmp'


    Feature record: C_FEATURE:1c_function_prototypes
    Feature record: C_FEATURE:0c_restrict
    Feature record: C_FEATURE:0c_static_assert
    Feature record: C_FEATURE:0c_variadic_macros
Determining if the include file sys/types.h exists passed with the following output:
Change Dir: /home/levcsi/projects/kivy/dig_rec_2/.buildozer/android/platform/build-armeabi-v7a/build/other_builds/jpeg/armeabi-v7a__ndk_target_21/jpeg/CMakeFiles/CMakeTmp

Run Build Command:"/usr/bin/make" "cmTC_8ec41/fast"
make -j4 -f CMakeFiles/cmTC_8ec41.dir/build.make CMakeFiles/cmTC_8ec41.dir/build
make[1]: Entering directory '/home/levcsi/projects/kivy/dig_rec_2/.buildozer/android/platform/build-armeabi-v7a/build/other_builds/jpeg/armeabi-v7a__ndk_target_21/jpeg/CMakeFiles/CMakeTmp'
Building C object CMakeFiles/cmTC_8ec41.dir/CheckIncludeFile.c.o
/home/levcsi/.buildozer/android/platform/android-ndk-r19c/toolchains/llvm/prebuilt/linux-x86_64/bin/clang --target=armv7-none-linux-androideabi16 --gcc-toolchain=/home/levcsi/.buildozer/android/platform/android-ndk-r19c/toolchains/llvm/prebuilt/linux-x86_64 --sysroot=/home/levcsi/.buildozer/android/platform/android-ndk-r19c/toolchains/llvm/prebuilt/linux-x86_64/sysroot   -g -DANDROID -fdata-sections -ffunction-sections -funwind-tables -fstack-protector-strong -no-canonical-prefixes -mfpu=vfpv3-d16 -fno-addrsig -march=armv7-a -mthumb -mfpu=neon -Wa,--noexecstack -Wformat -Werror=format-security   -fPIE   -o CMakeFiles/cmTC_8ec41.dir/CheckIncludeFile.c.o   -c /home/levcsi/projects/kivy/dig_rec_2/.buildozer/android/platform/build-armeabi-v7a/build/other_builds/jpeg/armeabi-v7a__ndk_target_21/jpeg/CMakeFiles/CMakeTmp/CheckIncludeFile.c
Linking C executable cmTC_8ec41
/usr/bin/cmake -E cmake_link_script CMakeFiles/cmTC_8ec41.dir/link.txt --verbose=1
/home/levcsi/.buildozer/android/platform/android-ndk-r19c/toolchains/llvm/prebuilt/linux-x86_64/bin/clang --target=armv7-none-linux-androideabi16 --gcc-toolchain=/home/levcsi/.buildozer/android/platform/android-ndk-r19c/toolchains/llvm/prebuilt/linux-x86_64 --sysroot=/home/levcsi/.buildozer/android/platform/android-ndk-r19c/toolchains/llvm/prebuilt/linux-x86_64/sysroot -g -DANDROID -fdata-sections -ffunction-sections -funwind-tables -fstack-protector-strong -no-canonical-prefixes -mfpu=vfpv3-d16 -fno-addrsig -march=armv7-a -mthumb -mfpu=neon -Wa,--noexecstack -Wformat -Werror=format-security    -Wl,--exclude-libs,libgcc.a -Wl,--exclude-libs,libatomic.a -static-libstdc++ -Wl,--build-id -Wl,--warn-shared-textrel -Wl,--fatal-warnings -Wl,--exclude-libs,libunwind.a -Wl,--no-undefined -Qunused-arguments -Wl,-z,noexecstack -Wl,-z,relro -Wl,-z,now -Wl,--gc-sections   CMakeFiles/cmTC_8ec41.dir/CheckIncludeFile.c.o  -o cmTC_8ec41 -latomic -lm 
make[1]: Leaving directory '/home/levcsi/projects/kivy/dig_rec_2/.buildozer/android/platform/build-armeabi-v7a/build/other_builds/jpeg/armeabi-v7a__ndk_target_21/jpeg/CMakeFiles/CMakeTmp'


Determining if the include file stdint.h exists passed with the following output:
Change Dir: /home/levcsi/projects/kivy/dig_rec_2/.buildozer/android/platform/build-armeabi-v7a/build/other_builds/jpeg/armeabi-v7a__ndk_target_21/jpeg/CMakeFiles/CMakeTmp

Run Build Command:"/usr/bin/make" "cmTC_f1983/fast"
make -j4 -f CMakeFiles/cmTC_f1983.dir/build.make CMakeFiles/cmTC_f1983.dir/build
make[1]: Entering directory '/home/levcsi/projects/kivy/dig_rec_2/.buildozer/android/platform/build-armeabi-v7a/build/other_builds/jpeg/armeabi-v7a__ndk_target_21/jpeg/CMakeFiles/CMakeTmp'
Building C object CMakeFiles/cmTC_f1983.dir/CheckIncludeFile.c.o
/home/levcsi/.buildozer/android/platform/android-ndk-r19c/toolchains/llvm/prebuilt/linux-x86_64/bin/clang --target=armv7-none-linux-androideabi16 --gcc-toolchain=/home/levcsi/.buildozer/android/platform/android-ndk-r19c/toolchains/llvm/prebuilt/linux-x86_64 --sysroot=/home/levcsi/.buildozer/android/platform/android-ndk-r19c/toolchains/llvm/prebuilt/linux-x86_64/sysroot   -g -DANDROID -fdata-sections -ffunction-sections -funwind-tables -fstack-protector-strong -no-canonical-prefixes -mfpu=vfpv3-d16 -fno-addrsig -march=armv7-a -mthumb -mfpu=neon -Wa,--noexecstack -Wformat -Werror=format-security   -fPIE   -o CMakeFiles/cmTC_f1983.dir/CheckIncludeFile.c.o   -c /home/levcsi/projects/kivy/dig_rec_2/.buildozer/android/platform/build-armeabi-v7a/build/other_builds/jpeg/armeabi-v7a__ndk_target_21/jpeg/CMakeFiles/CMakeTmp/CheckIncludeFile.c
Linking C executable cmTC_f1983
/usr/bin/cmake -E cmake_link_script CMakeFiles/cmTC_f1983.dir/link.txt --verbose=1
/home/levcsi/.buildozer/android/platform/android-ndk-r19c/toolchains/llvm/prebuilt/linux-x86_64/bin/clang --target=armv7-none-linux-androideabi16 --gcc-toolchain=/home/levcsi/.buildozer/android/platform/android-ndk-r19c/toolchains/llvm/prebuilt/linux-x86_64 --sysroot=/home/levcsi/.buildozer/android/platform/android-ndk-r19c/toolchains/llvm/prebuilt/linux-x86_64/sysroot -g -DANDROID -fdata-sections -ffunction-sections -funwind-tables -fstack-protector-strong -no-canonical-prefixes -mfpu=vfpv3-d16 -fno-addrsig -march=armv7-a -mthumb -mfpu=neon -Wa,--noexecstack -Wformat -Werror=format-security    -Wl,--exclude-libs,libgcc.a -Wl,--exclude-libs,libatomic.a -static-libstdc++ -Wl,--build-id -Wl,--warn-shared-textrel -Wl,--fatal-warnings -Wl,--exclude-libs,libunwind.a -Wl,--no-undefined -Qunused-arguments -Wl,-z,noexecstack -Wl,-z,relro -Wl,-z,now -Wl,--gc-sections   CMakeFiles/cmTC_f1983.dir/CheckIncludeFile.c.o  -o cmTC_f1983 -latomic -lm 
make[1]: Leaving directory '/home/levcsi/projects/kivy/dig_rec_2/.buildozer/android/platform/build-armeabi-v7a/build/other_builds/jpeg/armeabi-v7a__ndk_target_21/jpeg/CMakeFiles/CMakeTmp'


Determining if the include file stddef.h exists passed with the following output:
Change Dir: /home/levcsi/projects/kivy/dig_rec_2/.buildozer/android/platform/build-armeabi-v7a/build/other_builds/jpeg/armeabi-v7a__ndk_target_21/jpeg/CMakeFiles/CMakeTmp

Run Build Command:"/usr/bin/make" "cmTC_c8336/fast"
make -j4 -f CMakeFiles/cmTC_c8336.dir/build.make CMakeFiles/cmTC_c8336.dir/build
make[1]: Entering directory '/home/levcsi/projects/kivy/dig_rec_2/.buildozer/android/platform/build-armeabi-v7a/build/other_builds/jpeg/armeabi-v7a__ndk_target_21/jpeg/CMakeFiles/CMakeTmp'
Building C object CMakeFiles/cmTC_c8336.dir/CheckIncludeFile.c.o
/home/levcsi/.buildozer/android/platform/android-ndk-r19c/toolchains/llvm/prebuilt/linux-x86_64/bin/clang --target=armv7-none-linux-androideabi16 --gcc-toolchain=/home/levcsi/.buildozer/android/platform/android-ndk-r19c/toolchains/llvm/prebuilt/linux-x86_64 --sysroot=/home/levcsi/.buildozer/android/platform/android-ndk-r19c/toolchains/llvm/prebuilt/linux-x86_64/sysroot   -g -DANDROID -fdata-sections -ffunction-sections -funwind-tables -fstack-protector-strong -no-canonical-prefixes -mfpu=vfpv3-d16 -fno-addrsig -march=armv7-a -mthumb -mfpu=neon -Wa,--noexecstack -Wformat -Werror=format-security   -fPIE   -o CMakeFiles/cmTC_c8336.dir/CheckIncludeFile.c.o   -c /home/levcsi/projects/kivy/dig_rec_2/.buildozer/android/platform/build-armeabi-v7a/build/other_builds/jpeg/armeabi-v7a__ndk_target_21/jpeg/CMakeFiles/CMakeTmp/CheckIncludeFile.c
Linking C executable cmTC_c8336
/usr/bin/cmake -E cmake_link_script CMakeFiles/cmTC_c8336.dir/link.txt --verbose=1
/home/levcsi/.buildozer/android/platform/android-ndk-r19c/toolchains/llvm/prebuilt/linux-x86_64/bin/clang --target=armv7-none-linux-androideabi16 --gcc-toolchain=/home/levcsi/.buildozer/android/platform/android-ndk-r19c/toolchains/llvm/prebuilt/linux-x86_64 --sysroot=/home/levcsi/.buildozer/android/platform/android-ndk-r19c/toolchains/llvm/prebuilt/linux-x86_64/sysroot -g -DANDROID -fdata-sections -ffunction-sections -funwind-tables -fstack-protector-strong -no-canonical-prefixes -mfpu=vfpv3-d16 -fno-addrsig -march=armv7-a -mthumb -mfpu=neon -Wa,--noexecstack -Wformat -Werror=format-security    -Wl,--exclude-libs,libgcc.a -Wl,--exclude-libs,libatomic.a -static-libstdc++ -Wl,--build-id -Wl,--warn-shared-textrel -Wl,--fatal-warnings -Wl,--exclude-libs,libunwind.a -Wl,--no-undefined -Qunused-arguments -Wl,-z,noexecstack -Wl,-z,relro -Wl,-z,now -Wl,--gc-sections   CMakeFiles/cmTC_c8336.dir/CheckIncludeFile.c.o  -o cmTC_c8336 -latomic -lm 
make[1]: Leaving directory '/home/levcsi/projects/kivy/dig_rec_2/.buildozer/android/platform/build-armeabi-v7a/build/other_builds/jpeg/armeabi-v7a__ndk_target_21/jpeg/CMakeFiles/CMakeTmp'


Determining size of size_t passed with the following output:
Change Dir: /home/levcsi/projects/kivy/dig_rec_2/.buildozer/android/platform/build-armeabi-v7a/build/other_builds/jpeg/armeabi-v7a__ndk_target_21/jpeg/CMakeFiles/CMakeTmp

Run Build Command:"/usr/bin/make" "cmTC_9f180/fast"
make -j4 -f CMakeFiles/cmTC_9f180.dir/build.make CMakeFiles/cmTC_9f180.dir/build
make[1]: Entering directory '/home/levcsi/projects/kivy/dig_rec_2/.buildozer/android/platform/build-armeabi-v7a/build/other_builds/jpeg/armeabi-v7a__ndk_target_21/jpeg/CMakeFiles/CMakeTmp'
Building C object CMakeFiles/cmTC_9f180.dir/SIZE_T.c.o
/home/levcsi/.buildozer/android/platform/android-ndk-r19c/toolchains/llvm/prebuilt/linux-x86_64/bin/clang --target=armv7-none-linux-androideabi16 --gcc-toolchain=/home/levcsi/.buildozer/android/platform/android-ndk-r19c/toolchains/llvm/prebuilt/linux-x86_64 --sysroot=/home/levcsi/.buildozer/android/platform/android-ndk-r19c/toolchains/llvm/prebuilt/linux-x86_64/sysroot   -g -DANDROID -fdata-sections -ffunction-sections -funwind-tables -fstack-protector-strong -no-canonical-prefixes -mfpu=vfpv3-d16 -fno-addrsig -march=armv7-a -mthumb -mfpu=neon -Wa,--noexecstack -Wformat -Werror=format-security   -fPIE   -o CMakeFiles/cmTC_9f180.dir/SIZE_T.c.o   -c /home/levcsi/projects/kivy/dig_rec_2/.buildozer/android/platform/build-armeabi-v7a/build/other_builds/jpeg/armeabi-v7a__ndk_target_21/jpeg/CMakeFiles/CheckTypeSize/SIZE_T.c
Linking C executable cmTC_9f180
/usr/bin/cmake -E cmake_link_script CMakeFiles/cmTC_9f180.dir/link.txt --verbose=1
/home/levcsi/.buildozer/android/platform/android-ndk-r19c/toolchains/llvm/prebuilt/linux-x86_64/bin/clang --target=armv7-none-linux-androideabi16 --gcc-toolchain=/home/levcsi/.buildozer/android/platform/android-ndk-r19c/toolchains/llvm/prebuilt/linux-x86_64 --sysroot=/home/levcsi/.buildozer/android/platform/android-ndk-r19c/toolchains/llvm/prebuilt/linux-x86_64/sysroot -g -DANDROID -fdata-sections -ffunction-sections -funwind-tables -fstack-protector-strong -no-canonical-prefixes -mfpu=vfpv3-d16 -fno-addrsig -march=armv7-a -mthumb -mfpu=neon -Wa,--noexecstack -Wformat -Werror=format-security    -Wl,--exclude-libs,libgcc.a -Wl,--exclude-libs,libatomic.a -static-libstdc++ -Wl,--build-id -Wl,--warn-shared-textrel -Wl,--fatal-warnings -Wl,--exclude-libs,libunwind.a -Wl,--no-undefined -Qunused-arguments -Wl,-z,noexecstack -Wl,-z,relro -Wl,-z,now -Wl,--gc-sections   CMakeFiles/cmTC_9f180.dir/SIZE_T.c.o  -o cmTC_9f180 -latomic -lm 
make[1]: Leaving directory '/home/levcsi/projects/kivy/dig_rec_2/.buildozer/android/platform/build-armeabi-v7a/build/other_builds/jpeg/armeabi-v7a__ndk_target_21/jpeg/CMakeFiles/CMakeTmp'


Determining size of unsigned long passed with the following output:
Change Dir: /home/levcsi/projects/kivy/dig_rec_2/.buildozer/android/platform/build-armeabi-v7a/build/other_builds/jpeg/armeabi-v7a__ndk_target_21/jpeg/CMakeFiles/CMakeTmp

Run Build Command:"/usr/bin/make" "cmTC_c80dc/fast"
make -j4 -f CMakeFiles/cmTC_c80dc.dir/build.make CMakeFiles/cmTC_c80dc.dir/build
make[1]: Entering directory '/home/levcsi/projects/kivy/dig_rec_2/.buildozer/android/platform/build-armeabi-v7a/build/other_builds/jpeg/armeabi-v7a__ndk_target_21/jpeg/CMakeFiles/CMakeTmp'
Building C object CMakeFiles/cmTC_c80dc.dir/UNSIGNED_LONG.c.o
/home/levcsi/.buildozer/android/platform/android-ndk-r19c/toolchains/llvm/prebuilt/linux-x86_64/bin/clang --target=armv7-none-linux-androideabi16 --gcc-toolchain=/home/levcsi/.buildozer/android/platform/android-ndk-r19c/toolchains/llvm/prebuilt/linux-x86_64 --sysroot=/home/levcsi/.buildozer/android/platform/android-ndk-r19c/toolchains/llvm/prebuilt/linux-x86_64/sysroot   -g -DANDROID -fdata-sections -ffunction-sections -funwind-tables -fstack-protector-strong -no-canonical-prefixes -mfpu=vfpv3-d16 -fno-addrsig -march=armv7-a -mthumb -mfpu=neon -Wa,--noexecstack -Wformat -Werror=format-security   -fPIE   -o CMakeFiles/cmTC_c80dc.dir/UNSIGNED_LONG.c.o   -c /home/levcsi/projects/kivy/dig_rec_2/.buildozer/android/platform/build-armeabi-v7a/build/other_builds/jpeg/armeabi-v7a__ndk_target_21/jpeg/CMakeFiles/CheckTypeSize/UNSIGNED_LONG.c
Linking C executable cmTC_c80dc
/usr/bin/cmake -E cmake_link_script CMakeFiles/cmTC_c80dc.dir/link.txt --verbose=1
/home/levcsi/.buildozer/android/platform/android-ndk-r19c/toolchains/llvm/prebuilt/linux-x86_64/bin/clang --target=armv7-none-linux-androideabi16 --gcc-toolchain=/home/levcsi/.buildozer/android/platform/android-ndk-r19c/toolchains/llvm/prebuilt/linux-x86_64 --sysroot=/home/levcsi/.buildozer/android/platform/android-ndk-r19c/toolchains/llvm/prebuilt/linux-x86_64/sysroot -g -DANDROID -fdata-sections -ffunction-sections -funwind-tables -fstack-protector-strong -no-canonical-prefixes -mfpu=vfpv3-d16 -fno-addrsig -march=armv7-a -mthumb -mfpu=neon -Wa,--noexecstack -Wformat -Werror=format-security    -Wl,--exclude-libs,libgcc.a -Wl,--exclude-libs,libatomic.a -static-libstdc++ -Wl,--build-id -Wl,--warn-shared-textrel -Wl,--fatal-warnings -Wl,--exclude-libs,libunwind.a -Wl,--no-undefined -Qunused-arguments -Wl,-z,noexecstack -Wl,-z,relro -Wl,-z,now -Wl,--gc-sections   CMakeFiles/cmTC_c80dc.dir/UNSIGNED_LONG.c.o  -o cmTC_c80dc -latomic -lm 
make[1]: Leaving directory '/home/levcsi/projects/kivy/dig_rec_2/.buildozer/android/platform/build-armeabi-v7a/build/other_builds/jpeg/armeabi-v7a__ndk_target_21/jpeg/CMakeFiles/CMakeTmp'


Performing C SOURCE FILE Test HAVE_BUILTIN_CTZL succeeded with the following output:
Change Dir: /home/levcsi/projects/kivy/dig_rec_2/.buildozer/android/platform/build-armeabi-v7a/build/other_builds/jpeg/armeabi-v7a__ndk_target_21/jpeg/CMakeFiles/CMakeTmp

Run Build Command:"/usr/bin/make" "cmTC_89f26/fast"
make -j4 -f CMakeFiles/cmTC_89f26.dir/build.make CMakeFiles/cmTC_89f26.dir/build
make[1]: Entering directory '/home/levcsi/projects/kivy/dig_rec_2/.buildozer/android/platform/build-armeabi-v7a/build/other_builds/jpeg/armeabi-v7a__ndk_target_21/jpeg/CMakeFiles/CMakeTmp'
Building C object CMakeFiles/cmTC_89f26.dir/src.c.o
/home/levcsi/.buildozer/android/platform/android-ndk-r19c/toolchains/llvm/prebuilt/linux-x86_64/bin/clang --target=armv7-none-linux-androideabi16 --gcc-toolchain=/home/levcsi/.buildozer/android/platform/android-ndk-r19c/toolchains/llvm/prebuilt/linux-x86_64 --sysroot=/home/levcsi/.buildozer/android/platform/android-ndk-r19c/toolchains/llvm/prebuilt/linux-x86_64/sysroot   -g -DANDROID -fdata-sections -ffunction-sections -funwind-tables -fstack-protector-strong -no-canonical-prefixes -mfpu=vfpv3-d16 -fno-addrsig -march=armv7-a -mthumb -mfpu=neon -Wa,--noexecstack -Wformat -Werror=format-security  -DHAVE_BUILTIN_CTZL -fPIE   -o CMakeFiles/cmTC_89f26.dir/src.c.o   -c /home/levcsi/projects/kivy/dig_rec_2/.buildozer/android/platform/build-armeabi-v7a/build/other_builds/jpeg/armeabi-v7a__ndk_target_21/jpeg/CMakeFiles/CMakeTmp/src.c
Linking C executable cmTC_89f26
/usr/bin/cmake -E cmake_link_script CMakeFiles/cmTC_89f26.dir/link.txt --verbose=1
/home/levcsi/.buildozer/android/platform/android-ndk-r19c/toolchains/llvm/prebuilt/linux-x86_64/bin/clang --target=armv7-none-linux-androideabi16 --gcc-toolchain=/home/levcsi/.buildozer/android/platform/android-ndk-r19c/toolchains/llvm/prebuilt/linux-x86_64 --sysroot=/home/levcsi/.buildozer/android/platform/android-ndk-r19c/toolchains/llvm/prebuilt/linux-x86_64/sysroot -g -DANDROID -fdata-sections -ffunction-sections -funwind-tables -fstack-protector-strong -no-canonical-prefixes -mfpu=vfpv3-d16 -fno-addrsig -march=armv7-a -mthumb -mfpu=neon -Wa,--noexecstack -Wformat -Werror=format-security  -DHAVE_BUILTIN_CTZL  -Wl,--exclude-libs,libgcc.a -Wl,--exclude-libs,libatomic.a -static-libstdc++ -Wl,--build-id -Wl,--warn-shared-textrel -Wl,--fatal-warnings -Wl,--exclude-libs,libunwind.a -Wl,--no-undefined -Qunused-arguments -Wl,-z,noexecstack -Wl,-z,relro -Wl,-z,now -Wl,--gc-sections   CMakeFiles/cmTC_89f26.dir/src.c.o  -o cmTC_89f26 -latomic -lm 
make[1]: Leaving directory '/home/levcsi/projects/kivy/dig_rec_2/.buildozer/android/platform/build-armeabi-v7a/build/other_builds/jpeg/armeabi-v7a__ndk_target_21/jpeg/CMakeFiles/CMakeTmp'

Source file was:
int main(int argc, char **argv) { unsigned long a = argc;  return __builtin_ctzl(a); }
Determining if files locale.h exist passed with the following output:
Change Dir: /home/levcsi/projects/kivy/dig_rec_2/.buildozer/android/platform/build-armeabi-v7a/build/other_builds/jpeg/armeabi-v7a__ndk_target_21/jpeg/CMakeFiles/CMakeTmp

Run Build Command:"/usr/bin/make" "cmTC_77d04/fast"
make -j4 -f CMakeFiles/cmTC_77d04.dir/build.make CMakeFiles/cmTC_77d04.dir/build
make[1]: Entering directory '/home/levcsi/projects/kivy/dig_rec_2/.buildozer/android/platform/build-armeabi-v7a/build/other_builds/jpeg/armeabi-v7a__ndk_target_21/jpeg/CMakeFiles/CMakeTmp'
Building C object CMakeFiles/cmTC_77d04.dir/CheckIncludeFiles.c.o
/home/levcsi/.buildozer/android/platform/android-ndk-r19c/toolchains/llvm/prebuilt/linux-x86_64/bin/clang --target=armv7-none-linux-androideabi16 --gcc-toolchain=/home/levcsi/.buildozer/android/platform/android-ndk-r19c/toolchains/llvm/prebuilt/linux-x86_64 --sysroot=/home/levcsi/.buildozer/android/platform/android-ndk-r19c/toolchains/llvm/prebuilt/linux-x86_64/sysroot   -g -DANDROID -fdata-sections -ffunction-sections -funwind-tables -fstack-protector-strong -no-canonical-prefixes -mfpu=vfpv3-d16 -fno-addrsig -march=armv7-a -mthumb -mfpu=neon -Wa,--noexecstack -Wformat -Werror=format-security   -fPIE   -o CMakeFiles/cmTC_77d04.dir/CheckIncludeFiles.c.o   -c /home/levcsi/projects/kivy/dig_rec_2/.buildozer/android/platform/build-armeabi-v7a/build/other_builds/jpeg/armeabi-v7a__ndk_target_21/jpeg/CMakeFiles/CMakeTmp/CheckIncludeFiles.c
Linking C executable cmTC_77d04
/usr/bin/cmake -E cmake_link_script CMakeFiles/cmTC_77d04.dir/link.txt --verbose=1
/home/levcsi/.buildozer/android/platform/android-ndk-r19c/toolchains/llvm/prebuilt/linux-x86_64/bin/clang --target=armv7-none-linux-androideabi16 --gcc-toolchain=/home/levcsi/.buildozer/android/platform/android-ndk-r19c/toolchains/llvm/prebuilt/linux-x86_64 --sysroot=/home/levcsi/.buildozer/android/platform/android-ndk-r19c/toolchains/llvm/prebuilt/linux-x86_64/sysroot -g -DANDROID -fdata-sections -ffunction-sections -funwind-tables -fstack-protector-strong -no-canonical-prefixes -mfpu=vfpv3-d16 -fno-addrsig -march=armv7-a -mthumb -mfpu=neon -Wa,--noexecstack -Wformat -Werror=format-security    -Wl,--exclude-libs,libgcc.a -Wl,--exclude-libs,libatomic.a -static-libstdc++ -Wl,--build-id -Wl,--warn-shared-textrel -Wl,--fatal-warnings -Wl,--exclude-libs,libunwind.a -Wl,--no-undefined -Qunused-arguments -Wl,-z,noexecstack -Wl,-z,relro -Wl,-z,now -Wl,--gc-sections   CMakeFiles/cmTC_77d04.dir/CheckIncludeFiles.c.o  -o cmTC_77d04 -latomic -lm 
make[1]: Leaving directory '/home/levcsi/projects/kivy/dig_rec_2/.buildozer/android/platform/build-armeabi-v7a/build/other_builds/jpeg/armeabi-v7a__ndk_target_21/jpeg/CMakeFiles/CMakeTmp'


Determining if files stdlib.h exist passed with the following output:
Change Dir: /home/levcsi/projects/kivy/dig_rec_2/.buildozer/android/platform/build-armeabi-v7a/build/other_builds/jpeg/armeabi-v7a__ndk_target_21/jpeg/CMakeFiles/CMakeTmp

Run Build Command:"/usr/bin/make" "cmTC_71054/fast"
make -j4 -f CMakeFiles/cmTC_71054.dir/build.make CMakeFiles/cmTC_71054.dir/build
make[1]: Entering directory '/home/levcsi/projects/kivy/dig_rec_2/.buildozer/android/platform/build-armeabi-v7a/build/other_builds/jpeg/armeabi-v7a__ndk_target_21/jpeg/CMakeFiles/CMakeTmp'
Building C object CMakeFiles/cmTC_71054.dir/CheckIncludeFiles.c.o
/home/levcsi/.buildozer/android/platform/android-ndk-r19c/toolchains/llvm/prebuilt/linux-x86_64/bin/clang --target=armv7-none-linux-androideabi16 --gcc-toolchain=/home/levcsi/.buildozer/android/platform/android-ndk-r19c/toolchains/llvm/prebuilt/linux-x86_64 --sysroot=/home/levcsi/.buildozer/android/platform/android-ndk-r19c/toolchains/llvm/prebuilt/linux-x86_64/sysroot   -g -DANDROID -fdata-sections -ffunction-sections -funwind-tables -fstack-protector-strong -no-canonical-prefixes -mfpu=vfpv3-d16 -fno-addrsig -march=armv7-a -mthumb -mfpu=neon -Wa,--noexecstack -Wformat -Werror=format-security   -fPIE   -o CMakeFiles/cmTC_71054.dir/CheckIncludeFiles.c.o   -c /home/levcsi/projects/kivy/dig_rec_2/.buildozer/android/platform/build-armeabi-v7a/build/other_builds/jpeg/armeabi-v7a__ndk_target_21/jpeg/CMakeFiles/CMakeTmp/CheckIncludeFiles.c
Linking C executable cmTC_71054
/usr/bin/cmake -E cmake_link_script CMakeFiles/cmTC_71054.dir/link.txt --verbose=1
/home/levcsi/.buildozer/android/platform/android-ndk-r19c/toolchains/llvm/prebuilt/linux-x86_64/bin/clang --target=armv7-none-linux-androideabi16 --gcc-toolchain=/home/levcsi/.buildozer/android/platform/android-ndk-r19c/toolchains/llvm/prebuilt/linux-x86_64 --sysroot=/home/levcsi/.buildozer/android/platform/android-ndk-r19c/toolchains/llvm/prebuilt/linux-x86_64/sysroot -g -DANDROID -fdata-sections -ffunction-sections -funwind-tables -fstack-protector-strong -no-canonical-prefixes -mfpu=vfpv3-d16 -fno-addrsig -march=armv7-a -mthumb -mfpu=neon -Wa,--noexecstack -Wformat -Werror=format-security    -Wl,--exclude-libs,libgcc.a -Wl,--exclude-libs,libatomic.a -static-libstdc++ -Wl,--build-id -Wl,--warn-shared-textrel -Wl,--fatal-warnings -Wl,--exclude-libs,libunwind.a -Wl,--no-undefined -Qunused-arguments -Wl,-z,noexecstack -Wl,-z,relro -Wl,-z,now -Wl,--gc-sections   CMakeFiles/cmTC_71054.dir/CheckIncludeFiles.c.o  -o cmTC_71054 -latomic -lm 
make[1]: Leaving directory '/home/levcsi/projects/kivy/dig_rec_2/.buildozer/android/platform/build-armeabi-v7a/build/other_builds/jpeg/armeabi-v7a__ndk_target_21/jpeg/CMakeFiles/CMakeTmp'


Determining if files sys/types.h exist passed with the following output:
Change Dir: /home/levcsi/projects/kivy/dig_rec_2/.buildozer/android/platform/build-armeabi-v7a/build/other_builds/jpeg/armeabi-v7a__ndk_target_21/jpeg/CMakeFiles/CMakeTmp

Run Build Command:"/usr/bin/make" "cmTC_6a93b/fast"
make -j4 -f CMakeFiles/cmTC_6a93b.dir/build.make CMakeFiles/cmTC_6a93b.dir/build
make[1]: Entering directory '/home/levcsi/projects/kivy/dig_rec_2/.buildozer/android/platform/build-armeabi-v7a/build/other_builds/jpeg/armeabi-v7a__ndk_target_21/jpeg/CMakeFiles/CMakeTmp'
Building C object CMakeFiles/cmTC_6a93b.dir/CheckIncludeFiles.c.o
/home/levcsi/.buildozer/android/platform/android-ndk-r19c/toolchains/llvm/prebuilt/linux-x86_64/bin/clang --target=armv7-none-linux-androideabi16 --gcc-toolchain=/home/levcsi/.buildozer/android/platform/android-ndk-r19c/toolchains/llvm/prebuilt/linux-x86_64 --sysroot=/home/levcsi/.buildozer/android/platform/android-ndk-r19c/toolchains/llvm/prebuilt/linux-x86_64/sysroot   -g -DANDROID -fdata-sections -ffunction-sections -funwind-tables -fstack-protector-strong -no-canonical-prefixes -mfpu=vfpv3-d16 -fno-addrsig -march=armv7-a -mthumb -mfpu=neon -Wa,--noexecstack -Wformat -Werror=format-security   -fPIE   -o CMakeFiles/cmTC_6a93b.dir/CheckIncludeFiles.c.o   -c /home/levcsi/projects/kivy/dig_rec_2/.buildozer/android/platform/build-armeabi-v7a/build/other_builds/jpeg/armeabi-v7a__ndk_target_21/jpeg/CMakeFiles/CMakeTmp/CheckIncludeFiles.c
Linking C executable cmTC_6a93b
/usr/bin/cmake -E cmake_link_script CMakeFiles/cmTC_6a93b.dir/link.txt --verbose=1
/home/levcsi/.buildozer/android/platform/android-ndk-r19c/toolchains/llvm/prebuilt/linux-x86_64/bin/clang --target=armv7-none-linux-androideabi16 --gcc-toolchain=/home/levcsi/.buildozer/android/platform/android-ndk-r19c/toolchains/llvm/prebuilt/linux-x86_64 --sysroot=/home/levcsi/.buildozer/android/platform/android-ndk-r19c/toolchains/llvm/prebuilt/linux-x86_64/sysroot -g -DANDROID -fdata-sections -ffunction-sections -funwind-tables -fstack-protector-strong -no-canonical-prefixes -mfpu=vfpv3-d16 -fno-addrsig -march=armv7-a -mthumb -mfpu=neon -Wa,--noexecstack -Wformat -Werror=format-security    -Wl,--exclude-libs,libgcc.a -Wl,--exclude-libs,libatomic.a -static-libstdc++ -Wl,--build-id -Wl,--warn-shared-textrel -Wl,--fatal-warnings -Wl,--exclude-libs,libunwind.a -Wl,--no-undefined -Qunused-arguments -Wl,-z,noexecstack -Wl,-z,relro -Wl,-z,now -Wl,--gc-sections   CMakeFiles/cmTC_6a93b.dir/CheckIncludeFiles.c.o  -o cmTC_6a93b -latomic -lm 
make[1]: Leaving directory '/home/levcsi/projects/kivy/dig_rec_2/.buildozer/android/platform/build-armeabi-v7a/build/other_builds/jpeg/armeabi-v7a__ndk_target_21/jpeg/CMakeFiles/CMakeTmp'


Determining if the memset exist passed with the following output:
Change Dir: /home/levcsi/projects/kivy/dig_rec_2/.buildozer/android/platform/build-armeabi-v7a/build/other_builds/jpeg/armeabi-v7a__ndk_target_21/jpeg/CMakeFiles/CMakeTmp

Run Build Command:"/usr/bin/make" "cmTC_c6025/fast"
make -j4 -f CMakeFiles/cmTC_c6025.dir/build.make CMakeFiles/cmTC_c6025.dir/build
make[1]: Entering directory '/home/levcsi/projects/kivy/dig_rec_2/.buildozer/android/platform/build-armeabi-v7a/build/other_builds/jpeg/armeabi-v7a__ndk_target_21/jpeg/CMakeFiles/CMakeTmp'
Building C object CMakeFiles/cmTC_c6025.dir/CheckSymbolExists.c.o
/home/levcsi/.buildozer/android/platform/android-ndk-r19c/toolchains/llvm/prebuilt/linux-x86_64/bin/clang --target=armv7-none-linux-androideabi16 --gcc-toolchain=/home/levcsi/.buildozer/android/platform/android-ndk-r19c/toolchains/llvm/prebuilt/linux-x86_64 --sysroot=/home/levcsi/.buildozer/android/platform/android-ndk-r19c/toolchains/llvm/prebuilt/linux-x86_64/sysroot   -g -DANDROID -fdata-sections -ffunction-sections -funwind-tables -fstack-protector-strong -no-canonical-prefixes -mfpu=vfpv3-d16 -fno-addrsig -march=armv7-a -mthumb -mfpu=neon -Wa,--noexecstack -Wformat -Werror=format-security   -fPIE   -o CMakeFiles/cmTC_c6025.dir/CheckSymbolExists.c.o   -c /home/levcsi/projects/kivy/dig_rec_2/.buildozer/android/platform/build-armeabi-v7a/build/other_builds/jpeg/armeabi-v7a__ndk_target_21/jpeg/CMakeFiles/CMakeTmp/CheckSymbolExists.c
Linking C executable cmTC_c6025
/usr/bin/cmake -E cmake_link_script CMakeFiles/cmTC_c6025.dir/link.txt --verbose=1
/home/levcsi/.buildozer/android/platform/android-ndk-r19c/toolchains/llvm/prebuilt/linux-x86_64/bin/clang --target=armv7-none-linux-androideabi16 --gcc-toolchain=/home/levcsi/.buildozer/android/platform/android-ndk-r19c/toolchains/llvm/prebuilt/linux-x86_64 --sysroot=/home/levcsi/.buildozer/android/platform/android-ndk-r19c/toolchains/llvm/prebuilt/linux-x86_64/sysroot -g -DANDROID -fdata-sections -ffunction-sections -funwind-tables -fstack-protector-strong -no-canonical-prefixes -mfpu=vfpv3-d16 -fno-addrsig -march=armv7-a -mthumb -mfpu=neon -Wa,--noexecstack -Wformat -Werror=format-security    -Wl,--exclude-libs,libgcc.a -Wl,--exclude-libs,libatomic.a -static-libstdc++ -Wl,--build-id -Wl,--warn-shared-textrel -Wl,--fatal-warnings -Wl,--exclude-libs,libunwind.a -Wl,--no-undefined -Qunused-arguments -Wl,-z,noexecstack -Wl,-z,relro -Wl,-z,now -Wl,--gc-sections   CMakeFiles/cmTC_c6025.dir/CheckSymbolExists.c.o  -o cmTC_c6025 -latomic -lm 
make[1]: Leaving directory '/home/levcsi/projects/kivy/dig_rec_2/.buildozer/android/platform/build-armeabi-v7a/build/other_builds/jpeg/armeabi-v7a__ndk_target_21/jpeg/CMakeFiles/CMakeTmp'

File /home/levcsi/projects/kivy/dig_rec_2/.buildozer/android/platform/build-armeabi-v7a/build/other_builds/jpeg/armeabi-v7a__ndk_target_21/jpeg/CMakeFiles/CMakeTmp/CheckSymbolExists.c:
/* */
#include <string.h>

int main(int argc, char** argv)
{
  (void)argv;
#ifndef memset
  return ((int*)(&memset))[argc];
#else
  (void)argc;
  return 0;
#endif
}

Determining if the memcpy exist passed with the following output:
Change Dir: /home/levcsi/projects/kivy/dig_rec_2/.buildozer/android/platform/build-armeabi-v7a/build/other_builds/jpeg/armeabi-v7a__ndk_target_21/jpeg/CMakeFiles/CMakeTmp

Run Build Command:"/usr/bin/make" "cmTC_96d93/fast"
make -j4 -f CMakeFiles/cmTC_96d93.dir/build.make CMakeFiles/cmTC_96d93.dir/build
make[1]: Entering directory '/home/levcsi/projects/kivy/dig_rec_2/.buildozer/android/platform/build-armeabi-v7a/build/other_builds/jpeg/armeabi-v7a__ndk_target_21/jpeg/CMakeFiles/CMakeTmp'
Building C object CMakeFiles/cmTC_96d93.dir/CheckSymbolExists.c.o
/home/levcsi/.buildozer/android/platform/android-ndk-r19c/toolchains/llvm/prebuilt/linux-x86_64/bin/clang --target=armv7-none-linux-androideabi16 --gcc-toolchain=/home/levcsi/.buildozer/android/platform/android-ndk-r19c/toolchains/llvm/prebuilt/linux-x86_64 --sysroot=/home/levcsi/.buildozer/android/platform/android-ndk-r19c/toolchains/llvm/prebuilt/linux-x86_64/sysroot   -g -DANDROID -fdata-sections -ffunction-sections -funwind-tables -fstack-protector-strong -no-canonical-prefixes -mfpu=vfpv3-d16 -fno-addrsig -march=armv7-a -mthumb -mfpu=neon -Wa,--noexecstack -Wformat -Werror=format-security   -fPIE   -o CMakeFiles/cmTC_96d93.dir/CheckSymbolExists.c.o   -c /home/levcsi/projects/kivy/dig_rec_2/.buildozer/android/platform/build-armeabi-v7a/build/other_builds/jpeg/armeabi-v7a__ndk_target_21/jpeg/CMakeFiles/CMakeTmp/CheckSymbolExists.c
Linking C executable cmTC_96d93
/usr/bin/cmake -E cmake_link_script CMakeFiles/cmTC_96d93.dir/link.txt --verbose=1
/home/levcsi/.buildozer/android/platform/android-ndk-r19c/toolchains/llvm/prebuilt/linux-x86_64/bin/clang --target=armv7-none-linux-androideabi16 --gcc-toolchain=/home/levcsi/.buildozer/android/platform/android-ndk-r19c/toolchains/llvm/prebuilt/linux-x86_64 --sysroot=/home/levcsi/.buildozer/android/platform/android-ndk-r19c/toolchains/llvm/prebuilt/linux-x86_64/sysroot -g -DANDROID -fdata-sections -ffunction-sections -funwind-tables -fstack-protector-strong -no-canonical-prefixes -mfpu=vfpv3-d16 -fno-addrsig -march=armv7-a -mthumb -mfpu=neon -Wa,--noexecstack -Wformat -Werror=format-security    -Wl,--exclude-libs,libgcc.a -Wl,--exclude-libs,libatomic.a -static-libstdc++ -Wl,--build-id -Wl,--warn-shared-textrel -Wl,--fatal-warnings -Wl,--exclude-libs,libunwind.a -Wl,--no-undefined -Qunused-arguments -Wl,-z,noexecstack -Wl,-z,relro -Wl,-z,now -Wl,--gc-sections   CMakeFiles/cmTC_96d93.dir/CheckSymbolExists.c.o  -o cmTC_96d93 -latomic -lm 
make[1]: Leaving directory '/home/levcsi/projects/kivy/dig_rec_2/.buildozer/android/platform/build-armeabi-v7a/build/other_builds/jpeg/armeabi-v7a__ndk_target_21/jpeg/CMakeFiles/CMakeTmp'

File /home/levcsi/projects/kivy/dig_rec_2/.buildozer/android/platform/build-armeabi-v7a/build/other_builds/jpeg/armeabi-v7a__ndk_target_21/jpeg/CMakeFiles/CMakeTmp/CheckSymbolExists.c:
/* */
#include <string.h>

int main(int argc, char** argv)
{
  (void)argv;
#ifndef memcpy
  return ((int*)(&memcpy))[argc];
#else
  (void)argc;
  return 0;
#endif
}

Determining size of unsigned char passed with the following output:
Change Dir: /home/levcsi/projects/kivy/dig_rec_2/.buildozer/android/platform/build-armeabi-v7a/build/other_builds/jpeg/armeabi-v7a__ndk_target_21/jpeg/CMakeFiles/CMakeTmp

Run Build Command:"/usr/bin/make" "cmTC_0ebd4/fast"
make -j4 -f CMakeFiles/cmTC_0ebd4.dir/build.make CMakeFiles/cmTC_0ebd4.dir/build
make[1]: Entering directory '/home/levcsi/projects/kivy/dig_rec_2/.buildozer/android/platform/build-armeabi-v7a/build/other_builds/jpeg/armeabi-v7a__ndk_target_21/jpeg/CMakeFiles/CMakeTmp'
Building C object CMakeFiles/cmTC_0ebd4.dir/UNSIGNED_CHAR.c.o
/home/levcsi/.buildozer/android/platform/android-ndk-r19c/toolchains/llvm/prebuilt/linux-x86_64/bin/clang --target=armv7-none-linux-androideabi16 --gcc-toolchain=/home/levcsi/.buildozer/android/platform/android-ndk-r19c/toolchains/llvm/prebuilt/linux-x86_64 --sysroot=/home/levcsi/.buildozer/android/platform/android-ndk-r19c/toolchains/llvm/prebuilt/linux-x86_64/sysroot   -g -DANDROID -fdata-sections -ffunction-sections -funwind-tables -fstack-protector-strong -no-canonical-prefixes -mfpu=vfpv3-d16 -fno-addrsig -march=armv7-a -mthumb -mfpu=neon -Wa,--noexecstack -Wformat -Werror=format-security   -fPIE   -o CMakeFiles/cmTC_0ebd4.dir/UNSIGNED_CHAR.c.o   -c /home/levcsi/projects/kivy/dig_rec_2/.buildozer/android/platform/build-armeabi-v7a/build/other_builds/jpeg/armeabi-v7a__ndk_target_21/jpeg/CMakeFiles/CheckTypeSize/UNSIGNED_CHAR.c
Linking C executable cmTC_0ebd4
/usr/bin/cmake -E cmake_link_script CMakeFiles/cmTC_0ebd4.dir/link.txt --verbose=1
/home/levcsi/.buildozer/android/platform/android-ndk-r19c/toolchains/llvm/prebuilt/linux-x86_64/bin/clang --target=armv7-none-linux-androideabi16 --gcc-toolchain=/home/levcsi/.buildozer/android/platform/android-ndk-r19c/toolchains/llvm/prebuilt/linux-x86_64 --sysroot=/home/levcsi/.buildozer/android/platform/android-ndk-r19c/toolchains/llvm/prebuilt/linux-x86_64/sysroot -g -DANDROID -fdata-sections -ffunction-sections -funwind-tables -fstack-protector-strong -no-canonical-prefixes -mfpu=vfpv3-d16 -fno-addrsig -march=armv7-a -mthumb -mfpu=neon -Wa,--noexecstack -Wformat -Werror=format-security    -Wl,--exclude-libs,libgcc.a -Wl,--exclude-libs,libatomic.a -static-libstdc++ -Wl,--build-id -Wl,--warn-shared-textrel -Wl,--fatal-warnings -Wl,--exclude-libs,libunwind.a -Wl,--no-undefined -Qunused-arguments -Wl,-z,noexecstack -Wl,-z,relro -Wl,-z,now -Wl,--gc-sections   CMakeFiles/cmTC_0ebd4.dir/UNSIGNED_CHAR.c.o  -o cmTC_0ebd4 -latomic -lm 
make[1]: Leaving directory '/home/levcsi/projects/kivy/dig_rec_2/.buildozer/android/platform/build-armeabi-v7a/build/other_builds/jpeg/armeabi-v7a__ndk_target_21/jpeg/CMakeFiles/CMakeTmp'


Determining size of unsigned short passed with the following output:
Change Dir: /home/levcsi/projects/kivy/dig_rec_2/.buildozer/android/platform/build-armeabi-v7a/build/other_builds/jpeg/armeabi-v7a__ndk_target_21/jpeg/CMakeFiles/CMakeTmp

Run Build Command:"/usr/bin/make" "cmTC_57e6f/fast"
make -j4 -f CMakeFiles/cmTC_57e6f.dir/build.make CMakeFiles/cmTC_57e6f.dir/build
make[1]: Entering directory '/home/levcsi/projects/kivy/dig_rec_2/.buildozer/android/platform/build-armeabi-v7a/build/other_builds/jpeg/armeabi-v7a__ndk_target_21/jpeg/CMakeFiles/CMakeTmp'
Building C object CMakeFiles/cmTC_57e6f.dir/UNSIGNED_SHORT.c.o
/home/levcsi/.buildozer/android/platform/android-ndk-r19c/toolchains/llvm/prebuilt/linux-x86_64/bin/clang --target=armv7-none-linux-androideabi16 --gcc-toolchain=/home/levcsi/.buildozer/android/platform/android-ndk-r19c/toolchains/llvm/prebuilt/linux-x86_64 --sysroot=/home/levcsi/.buildozer/android/platform/android-ndk-r19c/toolchains/llvm/prebuilt/linux-x86_64/sysroot   -g -DANDROID -fdata-sections -ffunction-sections -funwind-tables -fstack-protector-strong -no-canonical-prefixes -mfpu=vfpv3-d16 -fno-addrsig -march=armv7-a -mthumb -mfpu=neon -Wa,--noexecstack -Wformat -Werror=format-security   -fPIE   -o CMakeFiles/cmTC_57e6f.dir/UNSIGNED_SHORT.c.o   -c /home/levcsi/projects/kivy/dig_rec_2/.buildozer/android/platform/build-armeabi-v7a/build/other_builds/jpeg/armeabi-v7a__ndk_target_21/jpeg/CMakeFiles/CheckTypeSize/UNSIGNED_SHORT.c
Linking C executable cmTC_57e6f
/usr/bin/cmake -E cmake_link_script CMakeFiles/cmTC_57e6f.dir/link.txt --verbose=1
/home/levcsi/.buildozer/android/platform/android-ndk-r19c/toolchains/llvm/prebuilt/linux-x86_64/bin/clang --target=armv7-none-linux-androideabi16 --gcc-toolchain=/home/levcsi/.buildozer/android/platform/android-ndk-r19c/toolchains/llvm/prebuilt/linux-x86_64 --sysroot=/home/levcsi/.buildozer/android/platform/android-ndk-r19c/toolchains/llvm/prebuilt/linux-x86_64/sysroot -g -DANDROID -fdata-sections -ffunction-sections -funwind-tables -fstack-protector-strong -no-canonical-prefixes -mfpu=vfpv3-d16 -fno-addrsig -march=armv7-a -mthumb -mfpu=neon -Wa,--noexecstack -Wformat -Werror=format-security    -Wl,--exclude-libs,libgcc.a -Wl,--exclude-libs,libatomic.a -static-libstdc++ -Wl,--build-id -Wl,--warn-shared-textrel -Wl,--fatal-warnings -Wl,--exclude-libs,libunwind.a -Wl,--no-undefined -Qunused-arguments -Wl,-z,noexecstack -Wl,-z,relro -Wl,-z,now -Wl,--gc-sections   CMakeFiles/cmTC_57e6f.dir/UNSIGNED_SHORT.c.o  -o cmTC_57e6f -latomic -lm 
make[1]: Leaving directory '/home/levcsi/projects/kivy/dig_rec_2/.buildozer/android/platform/build-armeabi-v7a/build/other_builds/jpeg/armeabi-v7a__ndk_target_21/jpeg/CMakeFiles/CMakeTmp'


Performing C SOURCE FILE Test INCOMPLETE_TYPES succeeded with the following output:
Change Dir: /home/levcsi/projects/kivy/dig_rec_2/.buildozer/android/platform/build-armeabi-v7a/build/other_builds/jpeg/armeabi-v7a__ndk_target_21/jpeg/CMakeFiles/CMakeTmp

Run Build Command:"/usr/bin/make" "cmTC_cb0cf/fast"
make -j4 -f CMakeFiles/cmTC_cb0cf.dir/build.make CMakeFiles/cmTC_cb0cf.dir/build
make[1]: Entering directory '/home/levcsi/projects/kivy/dig_rec_2/.buildozer/android/platform/build-armeabi-v7a/build/other_builds/jpeg/armeabi-v7a__ndk_target_21/jpeg/CMakeFiles/CMakeTmp'
Building C object CMakeFiles/cmTC_cb0cf.dir/src.c.o
/home/levcsi/.buildozer/android/platform/android-ndk-r19c/toolchains/llvm/prebuilt/linux-x86_64/bin/clang --target=armv7-none-linux-androideabi16 --gcc-toolchain=/home/levcsi/.buildozer/android/platform/android-ndk-r19c/toolchains/llvm/prebuilt/linux-x86_64 --sysroot=/home/levcsi/.buildozer/android/platform/android-ndk-r19c/toolchains/llvm/prebuilt/linux-x86_64/sysroot   -g -DANDROID -fdata-sections -ffunction-sections -funwind-tables -fstack-protector-strong -no-canonical-prefixes -mfpu=vfpv3-d16 -fno-addrsig -march=armv7-a -mthumb -mfpu=neon -Wa,--noexecstack -Wformat -Werror=format-security  -DINCOMPLETE_TYPES -fPIE   -o CMakeFiles/cmTC_cb0cf.dir/src.c.o   -c /home/levcsi/projects/kivy/dig_rec_2/.buildozer/android/platform/build-armeabi-v7a/build/other_builds/jpeg/armeabi-v7a__ndk_target_21/jpeg/CMakeFiles/CMakeTmp/src.c
Linking C executable cmTC_cb0cf
/usr/bin/cmake -E cmake_link_script CMakeFiles/cmTC_cb0cf.dir/link.txt --verbose=1
/home/levcsi/.buildozer/android/platform/android-ndk-r19c/toolchains/llvm/prebuilt/linux-x86_64/bin/clang --target=armv7-none-linux-androideabi16 --gcc-toolchain=/home/levcsi/.buildozer/android/platform/android-ndk-r19c/toolchains/llvm/prebuilt/linux-x86_64 --sysroot=/home/levcsi/.buildozer/android/platform/android-ndk-r19c/toolchains/llvm/prebuilt/linux-x86_64/sysroot -g -DANDROID -fdata-sections -ffunction-sections -funwind-tables -fstack-protector-strong -no-canonical-prefixes -mfpu=vfpv3-d16 -fno-addrsig -march=armv7-a -mthumb -mfpu=neon -Wa,--noexecstack -Wformat -Werror=format-security  -DINCOMPLETE_TYPES  -Wl,--exclude-libs,libgcc.a -Wl,--exclude-libs,libatomic.a -static-libstdc++ -Wl,--build-id -Wl,--warn-shared-textrel -Wl,--fatal-warnings -Wl,--exclude-libs,libunwind.a -Wl,--no-undefined -Qunused-arguments -Wl,-z,noexecstack -Wl,-z,relro -Wl,-z,now -Wl,--gc-sections   CMakeFiles/cmTC_cb0cf.dir/src.c.o  -o cmTC_cb0cf -latomic -lm 
make[1]: Leaving directory '/home/levcsi/projects/kivy/dig_rec_2/.buildozer/android/platform/build-armeabi-v7a/build/other_builds/jpeg/armeabi-v7a__ndk_target_21/jpeg/CMakeFiles/CMakeTmp'

Source file was:
int main(void) { typedef struct undefined_structure *undef_struct_ptr;  undef_struct_ptr ptr = 0;  return ptr != 0; }
Performing C SOURCE FILE Test INLINE_WORKS succeeded with the following output:
Change Dir: /home/levcsi/projects/kivy/dig_rec_2/.buildozer/android/platform/build-armeabi-v7a/build/other_builds/jpeg/armeabi-v7a__ndk_target_21/jpeg/CMakeFiles/CMakeTmp

Run Build Command:"/usr/bin/make" "cmTC_fe6df/fast"
make -j4 -f CMakeFiles/cmTC_fe6df.dir/build.make CMakeFiles/cmTC_fe6df.dir/build
make[1]: Entering directory '/home/levcsi/projects/kivy/dig_rec_2/.buildozer/android/platform/build-armeabi-v7a/build/other_builds/jpeg/armeabi-v7a__ndk_target_21/jpeg/CMakeFiles/CMakeTmp'
Building C object CMakeFiles/cmTC_fe6df.dir/src.c.o
/home/levcsi/.buildozer/android/platform/android-ndk-r19c/toolchains/llvm/prebuilt/linux-x86_64/bin/clang --target=armv7-none-linux-androideabi16 --gcc-toolchain=/home/levcsi/.buildozer/android/platform/android-ndk-r19c/toolchains/llvm/prebuilt/linux-x86_64 --sysroot=/home/levcsi/.buildozer/android/platform/android-ndk-r19c/toolchains/llvm/prebuilt/linux-x86_64/sysroot   -g -DANDROID -fdata-sections -ffunction-sections -funwind-tables -fstack-protector-strong -no-canonical-prefixes -mfpu=vfpv3-d16 -fno-addrsig -march=armv7-a -mthumb -mfpu=neon -Wa,--noexecstack -Wformat -Werror=format-security  -DINLINE_WORKS -fPIE   -o CMakeFiles/cmTC_fe6df.dir/src.c.o   -c /home/levcsi/projects/kivy/dig_rec_2/.buildozer/android/platform/build-armeabi-v7a/build/other_builds/jpeg/armeabi-v7a__ndk_target_21/jpeg/CMakeFiles/CMakeTmp/src.c
Linking C executable cmTC_fe6df
/usr/bin/cmake -E cmake_link_script CMakeFiles/cmTC_fe6df.dir/link.txt --verbose=1
/home/levcsi/.buildozer/android/platform/android-ndk-r19c/toolchains/llvm/prebuilt/linux-x86_64/bin/clang --target=armv7-none-linux-androideabi16 --gcc-toolchain=/home/levcsi/.buildozer/android/platform/android-ndk-r19c/toolchains/llvm/prebuilt/linux-x86_64 --sysroot=/home/levcsi/.buildozer/android/platform/android-ndk-r19c/toolchains/llvm/prebuilt/linux-x86_64/sysroot -g -DANDROID -fdata-sections -ffunction-sections -funwind-tables -fstack-protector-strong -no-canonical-prefixes -mfpu=vfpv3-d16 -fno-addrsig -march=armv7-a -mthumb -mfpu=neon -Wa,--noexecstack -Wformat -Werror=format-security  -DINLINE_WORKS  -Wl,--exclude-libs,libgcc.a -Wl,--exclude-libs,libatomic.a -static-libstdc++ -Wl,--build-id -Wl,--warn-shared-textrel -Wl,--fatal-warnings -Wl,--exclude-libs,libunwind.a -Wl,--no-undefined -Qunused-arguments -Wl,-z,noexecstack -Wl,-z,relro -Wl,-z,now -Wl,--gc-sections   CMakeFiles/cmTC_fe6df.dir/src.c.o  -o cmTC_fe6df -latomic -lm 
make[1]: Leaving directory '/home/levcsi/projects/kivy/dig_rec_2/.buildozer/android/platform/build-armeabi-v7a/build/other_builds/jpeg/armeabi-v7a__ndk_target_21/jpeg/CMakeFiles/CMakeTmp'

Source file was:
__inline__ __attribute__((always_inline)) static int foo(void) { return 0; } int main(void) { return foo(); }
Performing C SOURCE FILE Test HAVE_VERSION_SCRIPT succeeded with the following output:
Change Dir: /home/levcsi/projects/kivy/dig_rec_2/.buildozer/android/platform/build-armeabi-v7a/build/other_builds/jpeg/armeabi-v7a__ndk_target_21/jpeg/CMakeFiles/CMakeTmp

Run Build Command:"/usr/bin/make" "cmTC_d985c/fast"
make -j4 -f CMakeFiles/cmTC_d985c.dir/build.make CMakeFiles/cmTC_d985c.dir/build
make[1]: Entering directory '/home/levcsi/projects/kivy/dig_rec_2/.buildozer/android/platform/build-armeabi-v7a/build/other_builds/jpeg/armeabi-v7a__ndk_target_21/jpeg/CMakeFiles/CMakeTmp'
Building C object CMakeFiles/cmTC_d985c.dir/src.c.o
/home/levcsi/.buildozer/android/platform/android-ndk-r19c/toolchains/llvm/prebuilt/linux-x86_64/bin/clang --target=armv7-none-linux-androideabi16 --gcc-toolchain=/home/levcsi/.buildozer/android/platform/android-ndk-r19c/toolchains/llvm/prebuilt/linux-x86_64 --sysroot=/home/levcsi/.buildozer/android/platform/android-ndk-r19c/toolchains/llvm/prebuilt/linux-x86_64/sysroot   -g -DANDROID -fdata-sections -ffunction-sections -funwind-tables -fstack-protector-strong -no-canonical-prefixes -mfpu=vfpv3-d16 -fno-addrsig -march=armv7-a -mthumb -mfpu=neon -Wa,--noexecstack -Wformat -Werror=format-security  -DHAVE_VERSION_SCRIPT -Wl,--version-script,/home/levcsi/projects/kivy/dig_rec_2/.buildozer/android/platform/build-armeabi-v7a/build/other_builds/jpeg/armeabi-v7a__ndk_target_21/jpeg/conftest.map -fPIE   -o CMakeFiles/cmTC_d985c.dir/src.c.o   -c /home/levcsi/projects/kivy/dig_rec_2/.buildozer/android/platform/build-armeabi-v7a/build/other_builds/jpeg/armeabi-v7a__ndk_target_21/jpeg/CMakeFiles/CMakeTmp/src.c
clang: warning: -Wl,--version-script,/home/levcsi/projects/kivy/dig_rec_2/.buildozer/android/platform/build-armeabi-v7a/build/other_builds/jpeg/armeabi-v7a__ndk_target_21/jpeg/conftest.map: 'linker' input unused [-Wunused-command-line-argument]
Linking C executable cmTC_d985c
/usr/bin/cmake -E cmake_link_script CMakeFiles/cmTC_d985c.dir/link.txt --verbose=1
/home/levcsi/.buildozer/android/platform/android-ndk-r19c/toolchains/llvm/prebuilt/linux-x86_64/bin/clang --target=armv7-none-linux-androideabi16 --gcc-toolchain=/home/levcsi/.buildozer/android/platform/android-ndk-r19c/toolchains/llvm/prebuilt/linux-x86_64 --sysroot=/home/levcsi/.buildozer/android/platform/android-ndk-r19c/toolchains/llvm/prebuilt/linux-x86_64/sysroot -g -DANDROID -fdata-sections -ffunction-sections -funwind-tables -fstack-protector-strong -no-canonical-prefixes -mfpu=vfpv3-d16 -fno-addrsig -march=armv7-a -mthumb -mfpu=neon -Wa,--noexecstack -Wformat -Werror=format-security  -DHAVE_VERSION_SCRIPT -Wl,--version-script,/home/levcsi/projects/kivy/dig_rec_2/.buildozer/android/platform/build-armeabi-v7a/build/other_builds/jpeg/armeabi-v7a__ndk_target_21/jpeg/conftest.map  -Wl,--exclude-libs,libgcc.a -Wl,--exclude-libs,libatomic.a -static-libstdc++ -Wl,--build-id -Wl,--warn-shared-textrel -Wl,--fatal-warnings -Wl,--exclude-libs,libunwind.a -Wl,--no-undefined -Qunused-arguments -Wl,-z,noexecstack -Wl,-z,relro -Wl,-z,now -Wl,--gc-sections   CMakeFiles/cmTC_d985c.dir/src.c.o  -o cmTC_d985c -latomic -lm 
make[1]: Leaving directory '/home/levcsi/projects/kivy/dig_rec_2/.buildozer/android/platform/build-armeabi-v7a/build/other_builds/jpeg/armeabi-v7a__ndk_target_21/jpeg/CMakeFiles/CMakeTmp'

Source file was:
int main(void) { return 0; }
